Using pre-set license
Built from '2020.2/staging' branch; Version is '2020.2.7f1 (c53830e277f1) revision 12924976'; Using compiler version '192528614'; Build Type 'Release'
OS: 'Windows 10 Home; OS build 22631.3296; Version 2009; 64bit' Language: 'ja' Physical Memory: 16085 MB
BatchMode: 1, IsHumanControllingUs: 0, StartBugReporterOnCrash: 0, Is64bit: 1, IsPro: 0

 COMMAND LINE ARGUMENTS:
C:\Program Files\Unity\Hub\Editor\2020.2.7f1\Editor\Unity.exe
-adb2
-batchMode
-noUpm
-name
AssetImportWorker0
-projectPath
C:/Users/takuk/Desktop/UnityProject/HarvestRush
-logFile
Logs/AssetImportWorker0.log
-srvPort
51473
Successfully changed project path to: C:/Users/takuk/Desktop/UnityProject/HarvestRush
C:/Users/takuk/Desktop/UnityProject/HarvestRush
Using Asset Import Pipeline V2.
Refreshing native plugins compatible for Editor in 25.95 ms, found 1 plugins.
Preloading 0 native plugins for Editor in 0.00 ms.
Initialize engine version: 2020.2.7f1 (c53830e277f1)
[Subsystems] Discovering subsystems at path C:/Program Files/Unity/Hub/Editor/2020.2.7f1/Editor/Data/Resources/UnitySubsystems
[Subsystems] Discovering subsystems at path C:/Users/takuk/Desktop/UnityProject/HarvestRush/Assets
GfxDevice: creating device client; threaded=0
Direct3D:
    Version:  Direct3D 11.0 [level 11.1]
    Renderer: NVIDIA GeForce RTX 3050 Ti Laptop GPU (ID=0x25a0)
    Vendor:   
    VRAM:     3978 MB
    Driver:   31.0.15.4621
Initialize mono
Mono path[0] = 'C:/Program Files/Unity/Hub/Editor/2020.2.7f1/Editor/Data/Managed'
Mono path[1] = 'C:/Program Files/Unity/Hub/Editor/2020.2.7f1/Editor/Data/MonoBleedingEdge/lib/mono/unityjit'
Mono config path = 'C:/Program Files/Unity/Hub/Editor/2020.2.7f1/Editor/Data/MonoBleedingEdge/etc'
Using monoOptions --debugger-agent=transport=dt_socket,embedding=1,server=y,suspend=n,address=127.0.0.1:56992
Begin MonoManager ReloadAssembly
Registering precompiled unity dll's ...
Register platform support module: C:/Program Files/Unity/Hub/Editor/2020.2.7f1/Editor/Data/PlaybackEngines/WebGLSupport/UnityEditor.WebGL.Extensions.dll
Register platform support module: C:/Program Files/Unity/Hub/Editor/2020.2.7f1/Editor/Data/PlaybackEngines/WindowsStandaloneSupport/UnityEditor.WindowsStandalone.Extensions.dll
Registered in 0.001660 seconds.
Native extension for WindowsStandalone target not found
Native extension for WebGL target not found
Refreshing native plugins compatible for Editor in 25.13 ms, found 1 plugins.
Preloading 0 native plugins for Editor in 0.00 ms.
Invoked RoslynAnalysisRunner static constructor.
RoslynAnalysisRunner will not be running.
RoslynAnalysisRunner has terminated.
Mono: successfully reloaded assembly
- Completed reload, in  1.568 seconds
Platform modules already initialized, skipping
Registering precompiled user dll's ...
Registered in 0.000804 seconds.
Begin MonoManager ReloadAssembly
Native extension for WindowsStandalone target not found
Native extension for WebGL target not found
Refreshing native plugins compatible for Editor in 27.79 ms, found 1 plugins.
Preloading 0 native plugins for Editor in 0.00 ms.
Invoked RoslynAnalysisRunner static constructor.
RoslynAnalysisRunner will not be running.
RoslynAnalysisRunner has terminated.
Mono: successfully reloaded assembly
- Completed reload, in  0.697 seconds
Platform modules already initialized, skipping
========================================================================
Worker process is ready to serve import requests
Launched and connected shader compiler UnityShaderCompiler.exe after 0.06 seconds
Refreshing native plugins compatible for Editor in 0.46 ms, found 1 plugins.
Preloading 0 native plugins for Editor in 0.00 ms.
Unloading 1819 Unused Serialized files (Serialized files now loaded: 0)
System memory in use before: 85.2 MB.
System memory in use after: 85.1 MB.

Unloading 24 unused Assets to reduce memory usage. Loaded Objects now: 2264.
Total: 1.636400 ms (FindLiveObjects: 0.138300 ms CreateObjectMapping: 0.030700 ms MarkObjects: 1.355700 ms  DeleteObjects: 0.111100 ms)

========================================================================
Received Import Request.
  path: Assets/Prefabs/Crop2.prefab
  artifactKey: Guid(f27c32f1e2e2bf94f913dfd876f8657c) Importer(815301076,1909f56bfc062723c751e8b465ee728b)
Start importing Assets/Prefabs/Crop2.prefab using Guid(f27c32f1e2e2bf94f913dfd876f8657c) Importer(815301076,1909f56bfc062723c751e8b465ee728b)  -> (artifact id: '72dc74516bcffb07beaba2d76bab4388') in 0.113085 seconds
  Import took 0.115873 seconds .

========================================================================
Received Prepare
Refreshing native plugins compatible for Editor in 1.58 ms, found 1 plugins.
Preloading 0 native plugins for Editor in 0.00 ms.
Unloading 10 Unused Serialized files (Serialized files now loaded: 0)
System memory in use before: 52.6 MB.
System memory in use after: 52.6 MB.

Unloading 10 unused Assets to reduce memory usage. Loaded Objects now: 2271.
Total: 1.933700 ms (FindLiveObjects: 0.129300 ms CreateObjectMapping: 0.031800 ms MarkObjects: 1.663500 ms  DeleteObjects: 0.107800 ms)

========================================================================
Received Import Request.
  Time since last request: 22.425196 seconds.
  path: Assets/Prefabs/Crop3.prefab
  artifactKey: Guid(0f0c9b67e2739b940bfca62719dd891c) Importer(815301076,1909f56bfc062723c751e8b465ee728b)
Start importing Assets/Prefabs/Crop3.prefab using Guid(0f0c9b67e2739b940bfca62719dd891c) Importer(815301076,1909f56bfc062723c751e8b465ee728b)  -> (artifact id: 'fc1aff35fc5c38192df4d89f46d7fa34') in 0.015783 seconds
  Import took 0.018681 seconds .

========================================================================
Received Import Request.
  Time since last request: 0.293154 seconds.
  path: Assets/Prefabs/Crop2.prefab
  artifactKey: Guid(f27c32f1e2e2bf94f913dfd876f8657c) Importer(815301076,1909f56bfc062723c751e8b465ee728b)
Start importing Assets/Prefabs/Crop2.prefab using Guid(f27c32f1e2e2bf94f913dfd876f8657c) Importer(815301076,1909f56bfc062723c751e8b465ee728b)  -> (artifact id: '766070bd25ff320ad80044109093489e') in 0.009682 seconds
  Import took 0.012271 seconds .

========================================================================
Received Prepare
Registering precompiled user dll's ...
Registered in 0.000665 seconds.
Begin MonoManager ReloadAssembly
Native extension for WindowsStandalone target not found
Native extension for WebGL target not found
Refreshing native plugins compatible for Editor in 0.30 ms, found 1 plugins.
Preloading 0 native plugins for Editor in 0.00 ms.
Invoked RoslynAnalysisRunner static constructor.
RoslynAnalysisRunner will not be running.
RoslynAnalysisRunner has terminated.
Mono: successfully reloaded assembly
- Completed reload, in  0.544 seconds
Platform modules already initialized, skipping
Refreshing native plugins compatible for Editor in 0.30 ms, found 1 plugins.
Preloading 0 native plugins for Editor in 0.00 ms.
Unloading 1814 Unused Serialized files (Serialized files now loaded: 0)
System memory in use before: 88.3 MB.
System memory in use after: 88.3 MB.

Unloading 12 unused Assets to reduce memory usage. Loaded Objects now: 2275.
Total: 1.523000 ms (FindLiveObjects: 0.138100 ms CreateObjectMapping: 0.033300 ms MarkObjects: 1.253700 ms  DeleteObjects: 0.096900 ms)

========================================================================
Received Import Request.
  Time since last request: 270.067624 seconds.
  path: Assets/Sounds
  artifactKey: Guid(2eabf5b9b01f1d34aa032bc4e2316144) Importer(815301076,1909f56bfc062723c751e8b465ee728b)
Start importing Assets/Sounds using Guid(2eabf5b9b01f1d34aa032bc4e2316144) Importer(815301076,1909f56bfc062723c751e8b465ee728b)  -> (artifact id: '4930ce9238647fb31eab9c9528ff83a9') in 0.005486 seconds
  Import took 0.008308 seconds .

========================================================================
Received Import Request.
  Time since last request: 0.001147 seconds.
  path: Assets/Sounds
  artifactKey: Guid(2eabf5b9b01f1d34aa032bc4e2316144) Importer(815301076,1909f56bfc062723c751e8b465ee728b)
Start importing Assets/Sounds using Guid(2eabf5b9b01f1d34aa032bc4e2316144) Importer(815301076,1909f56bfc062723c751e8b465ee728b)  -> (artifact id: '4930ce9238647fb31eab9c9528ff83a9') in 0.002038 seconds
  Import took 0.004409 seconds .

========================================================================
Received Prepare
Registering precompiled user dll's ...
Registered in 0.000874 seconds.
Begin MonoManager ReloadAssembly
Native extension for WindowsStandalone target not found
Native extension for WebGL target not found
Refreshing native plugins compatible for Editor in 0.36 ms, found 1 plugins.
Preloading 0 native plugins for Editor in 0.00 ms.
Invoked RoslynAnalysisRunner static constructor.
RoslynAnalysisRunner will not be running.
RoslynAnalysisRunner has terminated.
Mono: successfully reloaded assembly
- Completed reload, in  0.624 seconds
Platform modules already initialized, skipping
Refreshing native plugins compatible for Editor in 0.32 ms, found 1 plugins.
Preloading 0 native plugins for Editor in 0.00 ms.
Unloading 1814 Unused Serialized files (Serialized files now loaded: 0)
System memory in use before: 88.3 MB.
System memory in use after: 88.3 MB.

Unloading 12 unused Assets to reduce memory usage. Loaded Objects now: 2279.
Total: 3.197300 ms (FindLiveObjects: 0.302400 ms CreateObjectMapping: 0.103300 ms MarkObjects: 2.478000 ms  DeleteObjects: 0.311700 ms)

========================================================================
Received Import Request.
  Time since last request: 657.005494 seconds.
  path: Assets/Scripts/OrderManager.cs
  artifactKey: Guid(da3e520fc7a6de443a216c5743c103f3) Importer(815301076,1909f56bfc062723c751e8b465ee728b)
Start importing Assets/Scripts/OrderManager.cs using Guid(da3e520fc7a6de443a216c5743c103f3) Importer(815301076,1909f56bfc062723c751e8b465ee728b)  -> (artifact id: '92fa996a35b281b533e5a6b12d26e123') in 0.018412 seconds
  Import took 0.020940 seconds .

========================================================================
Received Import Request.
  Time since last request: 0.001105 seconds.
  path: Assets/Scripts/OrderManager.cs
  artifactKey: Guid(da3e520fc7a6de443a216c5743c103f3) Importer(815301076,1909f56bfc062723c751e8b465ee728b)
Start importing Assets/Scripts/OrderManager.cs using Guid(da3e520fc7a6de443a216c5743c103f3) Importer(815301076,1909f56bfc062723c751e8b465ee728b)  -> (artifact id: '92fa996a35b281b533e5a6b12d26e123') in 0.003580 seconds
  Import took 0.006577 seconds .

========================================================================
Received Prepare
Registering precompiled user dll's ...
Registered in 0.000719 seconds.
Begin MonoManager ReloadAssembly
Native extension for WindowsStandalone target not found
Native extension for WebGL target not found
Refreshing native plugins compatible for Editor in 0.32 ms, found 1 plugins.
Preloading 0 native plugins for Editor in 0.00 ms.
Invoked RoslynAnalysisRunner static constructor.
RoslynAnalysisRunner will not be running.
RoslynAnalysisRunner has terminated.
Mono: successfully reloaded assembly
- Completed reload, in  0.599 seconds
Platform modules already initialized, skipping
Refreshing native plugins compatible for Editor in 0.29 ms, found 1 plugins.
Preloading 0 native plugins for Editor in 0.00 ms.
Unloading 1814 Unused Serialized files (Serialized files now loaded: 0)
System memory in use before: 88.3 MB.
System memory in use after: 88.3 MB.

Unloading 12 unused Assets to reduce memory usage. Loaded Objects now: 2283.
Total: 1.645000 ms (FindLiveObjects: 0.162700 ms CreateObjectMapping: 0.030400 ms MarkObjects: 1.335200 ms  DeleteObjects: 0.115900 ms)

========================================================================
Received Prepare
Registering precompiled user dll's ...
Registered in 0.000703 seconds.
Begin MonoManager ReloadAssembly
Native extension for WindowsStandalone target not found
Native extension for WebGL target not found
Refreshing native plugins compatible for Editor in 0.31 ms, found 1 plugins.
Preloading 0 native plugins for Editor in 0.00 ms.
Invoked RoslynAnalysisRunner static constructor.
RoslynAnalysisRunner will not be running.
RoslynAnalysisRunner has terminated.
Mono: successfully reloaded assembly
- Completed reload, in  0.587 seconds
Platform modules already initialized, skipping
Refreshing native plugins compatible for Editor in 0.29 ms, found 1 plugins.
Preloading 0 native plugins for Editor in 0.00 ms.
Unloading 1814 Unused Serialized files (Serialized files now loaded: 0)
System memory in use before: 88.3 MB.
System memory in use after: 88.3 MB.

Unloading 12 unused Assets to reduce memory usage. Loaded Objects now: 2287.
Total: 1.574300 ms (FindLiveObjects: 0.125300 ms CreateObjectMapping: 0.030500 ms MarkObjects: 1.331300 ms  DeleteObjects: 0.086000 ms)

========================================================================
Received Prepare
Registering precompiled user dll's ...
Registered in 0.000815 seconds.
Begin MonoManager ReloadAssembly
Native extension for WindowsStandalone target not found
Native extension for WebGL target not found
Refreshing native plugins compatible for Editor in 0.31 ms, found 1 plugins.
Preloading 0 native plugins for Editor in 0.00 ms.
Invoked RoslynAnalysisRunner static constructor.
RoslynAnalysisRunner will not be running.
RoslynAnalysisRunner has terminated.
Mono: successfully reloaded assembly
- Completed reload, in  0.555 seconds
Platform modules already initialized, skipping
Refreshing native plugins compatible for Editor in 0.28 ms, found 1 plugins.
Preloading 0 native plugins for Editor in 0.00 ms.
Unloading 1814 Unused Serialized files (Serialized files now loaded: 0)
System memory in use before: 88.4 MB.
System memory in use after: 88.3 MB.

Unloading 12 unused Assets to reduce memory usage. Loaded Objects now: 2291.
Total: 1.549400 ms (FindLiveObjects: 0.164300 ms CreateObjectMapping: 0.036600 ms MarkObjects: 1.245800 ms  DeleteObjects: 0.101500 ms)

========================================================================
Received Prepare
Registering precompiled user dll's ...
Registered in 0.001937 seconds.
Begin MonoManager ReloadAssembly
Native extension for WindowsStandalone target not found
Native extension for WebGL target not found
Refreshing native plugins compatible for Editor in 0.31 ms, found 1 plugins.
Preloading 0 native plugins for Editor in 0.00 ms.
Invoked RoslynAnalysisRunner static constructor.
RoslynAnalysisRunner will not be running.
RoslynAnalysisRunner has terminated.
Mono: successfully reloaded assembly
- Completed reload, in  0.658 seconds
Platform modules already initialized, skipping
Refreshing native plugins compatible for Editor in 0.34 ms, found 1 plugins.
Preloading 0 native plugins for Editor in 0.00 ms.
Unloading 1814 Unused Serialized files (Serialized files now loaded: 0)
System memory in use before: 88.4 MB.
System memory in use after: 88.4 MB.

Unloading 12 unused Assets to reduce memory usage. Loaded Objects now: 2295.
Total: 2.047900 ms (FindLiveObjects: 0.142100 ms CreateObjectMapping: 0.032700 ms MarkObjects: 1.743700 ms  DeleteObjects: 0.128200 ms)

========================================================================
Received Import Request.
  Time since last request: 2165.581309 seconds.
  path: Assets/Scenes/Main.unity
  artifactKey: Guid(c3e30aae726c76c4ebf000f9e570431a) Importer(815301076,1909f56bfc062723c751e8b465ee728b)
Start importing Assets/Scenes/Main.unity using Guid(c3e30aae726c76c4ebf000f9e570431a) Importer(815301076,1909f56bfc062723c751e8b465ee728b)  -> (artifact id: 'd2e554ee88fcbc725f59fbd56a7b3eb5') in 0.012700 seconds
  Import took 0.021473 seconds .

========================================================================
Received Import Request.
  Time since last request: 2.231871 seconds.
  path: Assets/Scenes/Title.unity
  artifactKey: Guid(b622918a8f9c4af4595167c912d98c77) Importer(815301076,1909f56bfc062723c751e8b465ee728b)
Start importing Assets/Scenes/Title.unity using Guid(b622918a8f9c4af4595167c912d98c77) Importer(815301076,1909f56bfc062723c751e8b465ee728b)  -> (artifact id: '7fbcdac242f9fda41b82fdf476dcae1b') in 0.029590 seconds
  Import took 0.032408 seconds .

========================================================================
Received Prepare
Registering precompiled user dll's ...
Registered in 0.000674 seconds.
Begin MonoManager ReloadAssembly
Native extension for WindowsStandalone target not found
Native extension for WebGL target not found
Refreshing native plugins compatible for Editor in 0.32 ms, found 1 plugins.
Preloading 0 native plugins for Editor in 0.00 ms.
Invoked RoslynAnalysisRunner static constructor.
RoslynAnalysisRunner will not be running.
RoslynAnalysisRunner has terminated.
Mono: successfully reloaded assembly
- Completed reload, in  0.564 seconds
Platform modules already initialized, skipping
Refreshing native plugins compatible for Editor in 0.30 ms, found 1 plugins.
Preloading 0 native plugins for Editor in 0.00 ms.
Unloading 1814 Unused Serialized files (Serialized files now loaded: 0)
System memory in use before: 88.4 MB.
System memory in use after: 88.4 MB.

Unloading 12 unused Assets to reduce memory usage. Loaded Objects now: 2299.
Total: 2.021300 ms (FindLiveObjects: 0.152300 ms CreateObjectMapping: 0.032600 ms MarkObjects: 1.732600 ms  DeleteObjects: 0.102700 ms)

========================================================================
Received Prepare
Registering precompiled user dll's ...
Registered in 0.000892 seconds.
Begin MonoManager ReloadAssembly
Native extension for WindowsStandalone target not found
Native extension for WebGL target not found
Refreshing native plugins compatible for Editor in 0.38 ms, found 1 plugins.
Preloading 0 native plugins for Editor in 0.00 ms.
Invoked RoslynAnalysisRunner static constructor.
RoslynAnalysisRunner will not be running.
RoslynAnalysisRunner has terminated.
Mono: successfully reloaded assembly
- Completed reload, in  0.639 seconds
Platform modules already initialized, skipping
Refreshing native plugins compatible for Editor in 0.29 ms, found 1 plugins.
Preloading 0 native plugins for Editor in 0.00 ms.
Unloading 1814 Unused Serialized files (Serialized files now loaded: 0)
System memory in use before: 88.4 MB.
System memory in use after: 88.4 MB.

Unloading 12 unused Assets to reduce memory usage. Loaded Objects now: 2303.
Total: 1.661900 ms (FindLiveObjects: 0.166700 ms CreateObjectMapping: 0.029900 ms MarkObjects: 1.344500 ms  DeleteObjects: 0.119800 ms)

========================================================================
Received Import Request.
  Time since last request: 232.334267 seconds.
  path: Assets/Fonts/NOTOSANSJP-EXTRALIGHT.TTF
  artifactKey: Guid(edc4bb5b737b4204680231a735ed5956) Importer(815301076,1909f56bfc062723c751e8b465ee728b)
Start importing Assets/Fonts/NOTOSANSJP-EXTRALIGHT.TTF using Guid(edc4bb5b737b4204680231a735ed5956) Importer(815301076,1909f56bfc062723c751e8b465ee728b)  -> (artifact id: '749690a5eec253ae194694d5f8ac283a') in 0.084750 seconds
  Import took 0.087854 seconds .

========================================================================
Received Prepare
Registering precompiled user dll's ...
Registered in 0.003290 seconds.
Begin MonoManager ReloadAssembly
Native extension for WindowsStandalone target not found
Native extension for WebGL target not found
Refreshing native plugins compatible for Editor in 0.37 ms, found 1 plugins.
Preloading 0 native plugins for Editor in 0.00 ms.
Invoked RoslynAnalysisRunner static constructor.
RoslynAnalysisRunner will not be running.
RoslynAnalysisRunner has terminated.
Mono: successfully reloaded assembly
- Completed reload, in  0.724 seconds
Platform modules already initialized, skipping
Refreshing native plugins compatible for Editor in 0.34 ms, found 1 plugins.
Preloading 0 native plugins for Editor in 0.00 ms.
Unloading 1814 Unused Serialized files (Serialized files now loaded: 0)
System memory in use before: 88.8 MB.
System memory in use after: 88.8 MB.

Unloading 12 unused Assets to reduce memory usage. Loaded Objects now: 2345.
Total: 3.030900 ms (FindLiveObjects: 0.449800 ms CreateObjectMapping: 0.068800 ms MarkObjects: 2.257400 ms  DeleteObjects: 0.253500 ms)

========================================================================
Received Prepare
Registering precompiled user dll's ...
Registered in 0.000706 seconds.
Begin MonoManager ReloadAssembly
Native extension for WindowsStandalone target not found
Native extension for WebGL target not found
Refreshing native plugins compatible for Editor in 0.32 ms, found 1 plugins.
Preloading 0 native plugins for Editor in 0.00 ms.
Invoked RoslynAnalysisRunner static constructor.
RoslynAnalysisRunner will not be running.
RoslynAnalysisRunner has terminated.
Mono: successfully reloaded assembly
- Completed reload, in  0.575 seconds
Platform modules already initialized, skipping
Refreshing native plugins compatible for Editor in 0.31 ms, found 1 plugins.
Preloading 0 native plugins for Editor in 0.00 ms.
Unloading 1814 Unused Serialized files (Serialized files now loaded: 0)
System memory in use before: 88.8 MB.
System memory in use after: 88.8 MB.

Unloading 12 unused Assets to reduce memory usage. Loaded Objects now: 2349.
Total: 2.015400 ms (FindLiveObjects: 0.129800 ms CreateObjectMapping: 0.029800 ms MarkObjects: 1.710200 ms  DeleteObjects: 0.144500 ms)

========================================================================
Received Prepare
Registering precompiled user dll's ...
Registered in 0.001069 seconds.
Begin MonoManager ReloadAssembly
Native extension for WindowsStandalone target not found
Native extension for WebGL target not found
Refreshing native plugins compatible for Editor in 0.35 ms, found 1 plugins.
Preloading 0 native plugins for Editor in 0.00 ms.
Invoked RoslynAnalysisRunner static constructor.
RoslynAnalysisRunner will not be running.
RoslynAnalysisRunner has terminated.
Mono: successfully reloaded assembly
- Completed reload, in  0.737 seconds
Platform modules already initialized, skipping
Refreshing native plugins compatible for Editor in 0.34 ms, found 1 plugins.
Preloading 0 native plugins for Editor in 0.00 ms.
Unloading 1814 Unused Serialized files (Serialized files now loaded: 0)
System memory in use before: 88.8 MB.
System memory in use after: 88.8 MB.

Unloading 12 unused Assets to reduce memory usage. Loaded Objects now: 2353.
Total: 1.848700 ms (FindLiveObjects: 0.155400 ms CreateObjectMapping: 0.033400 ms MarkObjects: 1.538400 ms  DeleteObjects: 0.120600 ms)

========================================================================
Received Import Request.
  Time since last request: 1649.820536 seconds.
  path: Assets/Scripts/GameManager.cs
  artifactKey: Guid(f63c1b1ccb8dcd149a35203da66b885f) Importer(815301076,1909f56bfc062723c751e8b465ee728b)
Start importing Assets/Scripts/GameManager.cs using Guid(f63c1b1ccb8dcd149a35203da66b885f) Importer(815301076,1909f56bfc062723c751e8b465ee728b)  -> (artifact id: 'e2a80ce450c3866e40e5ac86192347fd') in 0.006525 seconds
  Import took 0.009442 seconds .

========================================================================
Received Import Request.
  Time since last request: 20.619690 seconds.
  path: Assets/GolemiteGames
  artifactKey: Guid(5015a90cc57400a44a83b6ff1978db45) Importer(815301076,1909f56bfc062723c751e8b465ee728b)
Start importing Assets/GolemiteGames using Guid(5015a90cc57400a44a83b6ff1978db45) Importer(815301076,1909f56bfc062723c751e8b465ee728b)  -> (artifact id: '368c3832b91693a26ad5313cd185e994') in 0.004216 seconds
  Import took 0.006964 seconds .

========================================================================
Received Import Request.
  Time since last request: 42.307252 seconds.
  path: Assets/Scenes/Result.unity
  artifactKey: Guid(4e2fdf4752e32034aa5124f55e1e0a42) Importer(815301076,1909f56bfc062723c751e8b465ee728b)
Start importing Assets/Scenes/Result.unity using Guid(4e2fdf4752e32034aa5124f55e1e0a42) Importer(815301076,1909f56bfc062723c751e8b465ee728b)  -> (artifact id: 'ec2a2b88c5d7d34dce8bae7f4d5360f2') in 0.015670 seconds
  Import took 0.018587 seconds .

========================================================================
Received Prepare
Registering precompiled user dll's ...
Registered in 0.000793 seconds.
Begin MonoManager ReloadAssembly
Native extension for WindowsStandalone target not found
Native extension for WebGL target not found
Refreshing native plugins compatible for Editor in 0.31 ms, found 1 plugins.
Preloading 0 native plugins for Editor in 0.00 ms.
Invoked RoslynAnalysisRunner static constructor.
RoslynAnalysisRunner will not be running.
RoslynAnalysisRunner has terminated.
Mono: successfully reloaded assembly
- Completed reload, in  0.584 seconds
Platform modules already initialized, skipping
Refreshing native plugins compatible for Editor in 0.31 ms, found 1 plugins.
Preloading 0 native plugins for Editor in 0.00 ms.
Unloading 1814 Unused Serialized files (Serialized files now loaded: 0)
System memory in use before: 88.8 MB.
System memory in use after: 88.8 MB.

Unloading 12 unused Assets to reduce memory usage. Loaded Objects now: 2357.
Total: 1.928700 ms (FindLiveObjects: 0.207300 ms CreateObjectMapping: 0.031900 ms MarkObjects: 1.598200 ms  DeleteObjects: 0.090300 ms)

========================================================================
Received Import Request.
  Time since last request: 494.082160 seconds.
  path: Assets/Scenes/Main.unity
  artifactKey: Guid(c3e30aae726c76c4ebf000f9e570431a) Importer(815301076,1909f56bfc062723c751e8b465ee728b)
Start importing Assets/Scenes/Main.unity using Guid(c3e30aae726c76c4ebf000f9e570431a) Importer(815301076,1909f56bfc062723c751e8b465ee728b)  -> (artifact id: 'af837265a8646fa9eb0c3a1fcf329aae') in 0.014212 seconds
  Import took 0.017794 seconds .

========================================================================
Received Import Request.
  Time since last request: 0.342889 seconds.
  path: Assets/Scenes/Result.unity
  artifactKey: Guid(4e2fdf4752e32034aa5124f55e1e0a42) Importer(815301076,1909f56bfc062723c751e8b465ee728b)
Start importing Assets/Scenes/Result.unity using Guid(4e2fdf4752e32034aa5124f55e1e0a42) Importer(815301076,1909f56bfc062723c751e8b465ee728b)  -> (artifact id: 'acf6aae7f92d0276e467215ea51895bd') in 0.002547 seconds
  Import took 0.005132 seconds .

========================================================================
Received Import Request.
  Time since last request: 52.265144 seconds.
  path: Assets/Scenes/Result.unity
  artifactKey: Guid(4e2fdf4752e32034aa5124f55e1e0a42) Importer(815301076,1909f56bfc062723c751e8b465ee728b)
Start importing Assets/Scenes/Result.unity using Guid(4e2fdf4752e32034aa5124f55e1e0a42) Importer(815301076,1909f56bfc062723c751e8b465ee728b)  -> (artifact id: '7c92c5797f27e8315f6c764cdf7c4053') in 0.002907 seconds
  Import took 0.005445 seconds .

========================================================================
Received Import Request.
  Time since last request: 282.901139 seconds.
  path: Assets/Scenes/Result.unity
  artifactKey: Guid(4e2fdf4752e32034aa5124f55e1e0a42) Importer(815301076,1909f56bfc062723c751e8b465ee728b)
Start importing Assets/Scenes/Result.unity using Guid(4e2fdf4752e32034aa5124f55e1e0a42) Importer(815301076,1909f56bfc062723c751e8b465ee728b)  -> (artifact id: 'ccee17c7cdc5377e6176d37cbd3acacd') in 0.003679 seconds
  Import took 0.007193 seconds .

========================================================================
Received Prepare
Registering precompiled user dll's ...
Registered in 0.000644 seconds.
Begin MonoManager ReloadAssembly
Native extension for WindowsStandalone target not found
Native extension for WebGL target not found
Refreshing native plugins compatible for Editor in 0.37 ms, found 1 plugins.
Preloading 0 native plugins for Editor in 0.00 ms.
Invoked RoslynAnalysisRunner static constructor.
RoslynAnalysisRunner will not be running.
RoslynAnalysisRunner has terminated.
Mono: successfully reloaded assembly
- Completed reload, in  0.570 seconds
Platform modules already initialized, skipping
Refreshing native plugins compatible for Editor in 0.33 ms, found 1 plugins.
Preloading 0 native plugins for Editor in 0.00 ms.
Unloading 1814 Unused Serialized files (Serialized files now loaded: 0)
System memory in use before: 88.9 MB.
System memory in use after: 88.9 MB.

Unloading 12 unused Assets to reduce memory usage. Loaded Objects now: 2361.
Total: 1.924500 ms (FindLiveObjects: 0.198900 ms CreateObjectMapping: 0.031400 ms MarkObjects: 1.591800 ms  DeleteObjects: 0.100900 ms)

========================================================================
Received Prepare
Refreshing native plugins compatible for Editor in 1.49 ms, found 1 plugins.
Preloading 0 native plugins for Editor in 0.00 ms.
Unloading 10 Unused Serialized files (Serialized files now loaded: 0)
System memory in use before: 53.2 MB.
System memory in use after: 53.2 MB.

Unloading 10 unused Assets to reduce memory usage. Loaded Objects now: 2361.
Total: 1.876800 ms (FindLiveObjects: 0.246500 ms CreateObjectMapping: 0.060500 ms MarkObjects: 1.453800 ms  DeleteObjects: 0.114500 ms)

========================================================================
Received Prepare
Refreshing native plugins compatible for Editor in 1.30 ms, found 1 plugins.
Preloading 0 native plugins for Editor in 0.00 ms.
Unloading 10 Unused Serialized files (Serialized files now loaded: 0)
System memory in use before: 53.2 MB.
System memory in use after: 53.2 MB.

Unloading 10 unused Assets to reduce memory usage. Loaded Objects now: 2361.
Total: 2.654300 ms (FindLiveObjects: 0.254100 ms CreateObjectMapping: 0.060500 ms MarkObjects: 2.213400 ms  DeleteObjects: 0.123800 ms)

========================================================================
Received Prepare
Refreshing native plugins compatible for Editor in 1.44 ms, found 1 plugins.
Preloading 0 native plugins for Editor in 0.00 ms.
Unloading 10 Unused Serialized files (Serialized files now loaded: 0)
System memory in use before: 53.2 MB.
System memory in use after: 53.2 MB.

Unloading 10 unused Assets to reduce memory usage. Loaded Objects now: 2361.
Total: 2.939100 ms (FindLiveObjects: 0.171100 ms CreateObjectMapping: 0.039100 ms MarkObjects: 2.575400 ms  DeleteObjects: 0.152500 ms)

========================================================================
Received Prepare
Registering precompiled user dll's ...
Registered in 0.000797 seconds.
Begin MonoManager ReloadAssembly
Native extension for WindowsStandalone target not found
Native extension for WebGL target not found
Refreshing native plugins compatible for Editor in 0.49 ms, found 1 plugins.
Preloading 0 native plugins for Editor in 0.00 ms.
Invoked RoslynAnalysisRunner static constructor.
RoslynAnalysisRunner will not be running.
RoslynAnalysisRunner has terminated.
Mono: successfully reloaded assembly
- Completed reload, in  1.051 seconds
Platform modules already initialized, skipping
Refreshing native plugins compatible for Editor in 0.32 ms, found 1 plugins.
Preloading 0 native plugins for Editor in 0.00 ms.
Unloading 1814 Unused Serialized files (Serialized files now loaded: 0)
System memory in use before: 88.9 MB.
System memory in use after: 88.9 MB.

Unloading 12 unused Assets to reduce memory usage. Loaded Objects now: 2365.
Total: 1.834900 ms (FindLiveObjects: 0.176700 ms CreateObjectMapping: 0.039300 ms MarkObjects: 1.496100 ms  DeleteObjects: 0.121600 ms)

========================================================================
Received Prepare
Refreshing native plugins compatible for Editor in 1.40 ms, found 1 plugins.
Preloading 0 native plugins for Editor in 0.00 ms.
Unloading 10 Unused Serialized files (Serialized files now loaded: 0)
System memory in use before: 53.2 MB.
System memory in use after: 53.2 MB.

Unloading 10 unused Assets to reduce memory usage. Loaded Objects now: 2365.
Total: 1.804400 ms (FindLiveObjects: 0.193400 ms CreateObjectMapping: 0.049000 ms MarkObjects: 1.464800 ms  DeleteObjects: 0.095800 ms)

========================================================================
Received Prepare
Registering precompiled user dll's ...
Registered in 0.000834 seconds.
Begin MonoManager ReloadAssembly
Native extension for WindowsStandalone target not found
Native extension for WebGL target not found
Refreshing native plugins compatible for Editor in 0.32 ms, found 1 plugins.
Preloading 0 native plugins for Editor in 0.00 ms.
Invoked RoslynAnalysisRunner static constructor.
RoslynAnalysisRunner will not be running.
RoslynAnalysisRunner has terminated.
Mono: successfully reloaded assembly
- Completed reload, in  0.653 seconds
Platform modules already initialized, skipping
Refreshing native plugins compatible for Editor in 0.30 ms, found 1 plugins.
Preloading 0 native plugins for Editor in 0.00 ms.
Unloading 1814 Unused Serialized files (Serialized files now loaded: 0)
System memory in use before: 88.9 MB.
System memory in use after: 88.9 MB.

Unloading 12 unused Assets to reduce memory usage. Loaded Objects now: 2369.
Total: 1.955500 ms (FindLiveObjects: 0.192200 ms CreateObjectMapping: 0.033000 ms MarkObjects: 1.621000 ms  DeleteObjects: 0.108300 ms)

========================================================================
Received Prepare
Registering precompiled user dll's ...
Registered in 0.000959 seconds.
Begin MonoManager ReloadAssembly
Native extension for WindowsStandalone target not found
Native extension for WebGL target not found
Refreshing native plugins compatible for Editor in 0.38 ms, found 1 plugins.
Preloading 0 native plugins for Editor in 0.00 ms.
Invoked RoslynAnalysisRunner static constructor.
RoslynAnalysisRunner will not be running.
RoslynAnalysisRunner has terminated.
Mono: successfully reloaded assembly
- Completed reload, in  0.637 seconds
Platform modules already initialized, skipping
Refreshing native plugins compatible for Editor in 0.40 ms, found 1 plugins.
Preloading 0 native plugins for Editor in 0.00 ms.
Unloading 1814 Unused Serialized files (Serialized files now loaded: 0)
System memory in use before: 88.9 MB.
System memory in use after: 88.9 MB.

Unloading 12 unused Assets to reduce memory usage. Loaded Objects now: 2373.
Total: 1.743700 ms (FindLiveObjects: 0.157800 ms CreateObjectMapping: 0.031300 ms MarkObjects: 1.434400 ms  DeleteObjects: 0.119200 ms)

========================================================================
Received Prepare
Registering precompiled user dll's ...
Registered in 0.000912 seconds.
Begin MonoManager ReloadAssembly
Native extension for WindowsStandalone target not found
Native extension for WebGL target not found
Refreshing native plugins compatible for Editor in 0.31 ms, found 1 plugins.
Preloading 0 native plugins for Editor in 0.00 ms.
Invoked RoslynAnalysisRunner static constructor.
RoslynAnalysisRunner will not be running.
RoslynAnalysisRunner has terminated.
Mono: successfully reloaded assembly
- Completed reload, in  0.642 seconds
Platform modules already initialized, skipping
Refreshing native plugins compatible for Editor in 0.29 ms, found 1 plugins.
Preloading 0 native plugins for Editor in 0.00 ms.
Unloading 1814 Unused Serialized files (Serialized files now loaded: 0)
System memory in use before: 88.9 MB.
System memory in use after: 88.9 MB.

Unloading 12 unused Assets to reduce memory usage. Loaded Objects now: 2377.
Total: 1.677100 ms (FindLiveObjects: 0.174600 ms CreateObjectMapping: 0.031200 ms MarkObjects: 1.385800 ms  DeleteObjects: 0.084500 ms)

========================================================================
Received Import Request.
  Time since last request: 8494.293583 seconds.
  path: Assets/Prefabs/Seed1.prefab
  artifactKey: Guid(c913cf5259a42094882fce34f545de36) Importer(815301076,1909f56bfc062723c751e8b465ee728b)
Start importing Assets/Prefabs/Seed1.prefab using Guid(c913cf5259a42094882fce34f545de36) Importer(815301076,1909f56bfc062723c751e8b465ee728b)  -> (artifact id: '4244139b0ed04fd63e137311dab11b1b') in 0.074744 seconds
  Import took 0.078033 seconds .

========================================================================
Received Import Request.
  Time since last request: 0.001715 seconds.
  path: Assets/Prefabs/Seed1.prefab
  artifactKey: Guid(c913cf5259a42094882fce34f545de36) Importer(815301076,1909f56bfc062723c751e8b465ee728b)
Start importing Assets/Prefabs/Seed1.prefab using Guid(c913cf5259a42094882fce34f545de36) Importer(815301076,1909f56bfc062723c751e8b465ee728b)  -> (artifact id: '4244139b0ed04fd63e137311dab11b1b') in 0.009850 seconds
  Import took 0.012544 seconds .

========================================================================
Received Import Request.
  Time since last request: 58.895011 seconds.
  path: Assets/Scripts/InteractionManager.cs
  artifactKey: Guid(6d9c5b15ad9faf046afb28b74d27eecb) Importer(815301076,1909f56bfc062723c751e8b465ee728b)
Start importing Assets/Scripts/InteractionManager.cs using Guid(6d9c5b15ad9faf046afb28b74d27eecb) Importer(815301076,1909f56bfc062723c751e8b465ee728b)  -> (artifact id: '441e14ec6d86c9e8fc0bd0ae08e4379f') in 0.003896 seconds
  Import took 0.007351 seconds .

========================================================================
Received Import Request.
  Time since last request: 0.000378 seconds.
  path: Assets/Scripts/InteractionManager.cs
  artifactKey: Guid(6d9c5b15ad9faf046afb28b74d27eecb) Importer(815301076,1909f56bfc062723c751e8b465ee728b)
Start importing Assets/Scripts/InteractionManager.cs using Guid(6d9c5b15ad9faf046afb28b74d27eecb) Importer(815301076,1909f56bfc062723c751e8b465ee728b)  -> (artifact id: '441e14ec6d86c9e8fc0bd0ae08e4379f') in 0.002273 seconds
  Import took 0.004742 seconds .

========================================================================
Received Import Request.
  Time since last request: 0.417913 seconds.
  path: Assets/Scripts/Draggable.cs
  artifactKey: Guid(9183f556795253442bf80f1eeec52d65) Importer(815301076,1909f56bfc062723c751e8b465ee728b)
Start importing Assets/Scripts/Draggable.cs using Guid(9183f556795253442bf80f1eeec52d65) Importer(815301076,1909f56bfc062723c751e8b465ee728b)  -> (artifact id: '177787162f10a88299518e1c98b457df') in 0.004882 seconds
  Import took 0.007824 seconds .

========================================================================
Received Import Request.
  Time since last request: 0.004463 seconds.
  path: Assets/Scripts/Draggable.cs
  artifactKey: Guid(9183f556795253442bf80f1eeec52d65) Importer(815301076,1909f56bfc062723c751e8b465ee728b)
Start importing Assets/Scripts/Draggable.cs using Guid(9183f556795253442bf80f1eeec52d65) Importer(815301076,1909f56bfc062723c751e8b465ee728b)  -> (artifact id: '177787162f10a88299518e1c98b457df') in 0.002181 seconds
  Import took 0.004370 seconds .

========================================================================
Received Import Request.
  Time since last request: 33.310322 seconds.
  path: Assets/Prefabs/GrowSE.prefab
  artifactKey: Guid(85e33e82222dda64b90cb41100ad6e52) Importer(815301076,1909f56bfc062723c751e8b465ee728b)
Start importing Assets/Prefabs/GrowSE.prefab using Guid(85e33e82222dda64b90cb41100ad6e52) Importer(815301076,1909f56bfc062723c751e8b465ee728b)  -> (artifact id: 'e45fc7e2bea6598e5758268b6bbdba6f') in 0.004984 seconds
  Import took 0.007856 seconds .

========================================================================
Received Import Request.
  Time since last request: 1.952491 seconds.
  path: Assets/Prefabs/Seed2.prefab
  artifactKey: Guid(77d8b2a60e191a44a8c1da4b6a0cefca) Importer(815301076,1909f56bfc062723c751e8b465ee728b)
Start importing Assets/Prefabs/Seed2.prefab using Guid(77d8b2a60e191a44a8c1da4b6a0cefca) Importer(815301076,1909f56bfc062723c751e8b465ee728b)  -> (artifact id: 'cd3cd339a913cdcffc251b9de0b9dfe5') in 0.018868 seconds
  Import took 0.021863 seconds .

========================================================================
Received Import Request.
  Time since last request: 0.003334 seconds.
  path: Assets/Prefabs/Seed2.prefab
  artifactKey: Guid(77d8b2a60e191a44a8c1da4b6a0cefca) Importer(815301076,1909f56bfc062723c751e8b465ee728b)
Start importing Assets/Prefabs/Seed2.prefab using Guid(77d8b2a60e191a44a8c1da4b6a0cefca) Importer(815301076,1909f56bfc062723c751e8b465ee728b)  -> (artifact id: 'cd3cd339a913cdcffc251b9de0b9dfe5') in 0.012747 seconds
  Import took 0.015437 seconds .

========================================================================
Received Import Request.
  Time since last request: 11.712010 seconds.
  path: Assets/Prefabs/Seed1.prefab
  artifactKey: Guid(c913cf5259a42094882fce34f545de36) Importer(815301076,1909f56bfc062723c751e8b465ee728b)
Start importing Assets/Prefabs/Seed1.prefab using Guid(c913cf5259a42094882fce34f545de36) Importer(815301076,1909f56bfc062723c751e8b465ee728b)  -> (artifact id: '46abdbb3b28c78cf55a95cc5beeeddbd') in 0.011285 seconds
  Import took 0.014187 seconds .

========================================================================
Received Import Request.
  Time since last request: 9.945607 seconds.
  path: Assets/Prefabs/Seed2.prefab
  artifactKey: Guid(77d8b2a60e191a44a8c1da4b6a0cefca) Importer(815301076,1909f56bfc062723c751e8b465ee728b)
Start importing Assets/Prefabs/Seed2.prefab using Guid(77d8b2a60e191a44a8c1da4b6a0cefca) Importer(815301076,1909f56bfc062723c751e8b465ee728b)  -> (artifact id: '504435bf7127ee06e5092b37b146fc02') in 0.015257 seconds
  Import took 0.018112 seconds .

========================================================================
Received Import Request.
  Time since last request: 0.786088 seconds.
  path: Assets/Prefabs/Seed3.prefab
  artifactKey: Guid(b24b0408d9892d14bb0e433bfd88195c) Importer(815301076,1909f56bfc062723c751e8b465ee728b)
Start importing Assets/Prefabs/Seed3.prefab using Guid(b24b0408d9892d14bb0e433bfd88195c) Importer(815301076,1909f56bfc062723c751e8b465ee728b)  -> (artifact id: 'a9ac42c773f95b957cc49866c13e48d2') in 0.018323 seconds
  Import took 0.021447 seconds .

========================================================================
Received Import Request.
  Time since last request: 0.001173 seconds.
  path: Assets/Prefabs/Seed3.prefab
  artifactKey: Guid(b24b0408d9892d14bb0e433bfd88195c) Importer(815301076,1909f56bfc062723c751e8b465ee728b)
Start importing Assets/Prefabs/Seed3.prefab using Guid(b24b0408d9892d14bb0e433bfd88195c) Importer(815301076,1909f56bfc062723c751e8b465ee728b)  -> (artifact id: 'a9ac42c773f95b957cc49866c13e48d2') in 0.012035 seconds
  Import took 0.014778 seconds .

========================================================================
Received Import Request.
  Time since last request: 5.240560 seconds.
  path: Assets/Prefabs/Seed3.prefab
  artifactKey: Guid(b24b0408d9892d14bb0e433bfd88195c) Importer(815301076,1909f56bfc062723c751e8b465ee728b)
Start importing Assets/Prefabs/Seed3.prefab using Guid(b24b0408d9892d14bb0e433bfd88195c) Importer(815301076,1909f56bfc062723c751e8b465ee728b)  -> (artifact id: 'd7bf24dc5ddc327d45c3a71ae344388c') in 0.015612 seconds
  Import took 0.018721 seconds .

========================================================================
Received Import Request.
  Time since last request: 20.507674 seconds.
  path: Assets/Prefabs/Crop3.prefab
  artifactKey: Guid(0f0c9b67e2739b940bfca62719dd891c) Importer(815301076,1909f56bfc062723c751e8b465ee728b)
Start importing Assets/Prefabs/Crop3.prefab using Guid(0f0c9b67e2739b940bfca62719dd891c) Importer(815301076,1909f56bfc062723c751e8b465ee728b)  -> (artifact id: '26e618cdec392c6ba2206583855a3e14') in 0.035640 seconds
  Import took 0.038625 seconds .

========================================================================
Received Import Request.
  Time since last request: 0.598715 seconds.
  path: Assets/Prefabs/Insecticide.prefab
  artifactKey: Guid(ebce595bff4225c4c9f8f8e5ca87ea4e) Importer(815301076,1909f56bfc062723c751e8b465ee728b)
Start importing Assets/Prefabs/Insecticide.prefab using Guid(ebce595bff4225c4c9f8f8e5ca87ea4e) Importer(815301076,1909f56bfc062723c751e8b465ee728b)  -> (artifact id: 'a04389fb22fda47ceae6de911fc4a8af') in 0.021519 seconds
  Import took 0.024645 seconds .

========================================================================
Received Import Request.
  Time since last request: 0.001396 seconds.
  path: Assets/Prefabs/Insecticide.prefab
  artifactKey: Guid(ebce595bff4225c4c9f8f8e5ca87ea4e) Importer(815301076,1909f56bfc062723c751e8b465ee728b)
Start importing Assets/Prefabs/Insecticide.prefab using Guid(ebce595bff4225c4c9f8f8e5ca87ea4e) Importer(815301076,1909f56bfc062723c751e8b465ee728b)  -> (artifact id: 'a04389fb22fda47ceae6de911fc4a8af') in 0.009819 seconds
  Import took 0.012523 seconds .

========================================================================
Received Prepare
Registering precompiled user dll's ...
Registered in 0.000777 seconds.
Begin MonoManager ReloadAssembly
Native extension for WindowsStandalone target not found
Native extension for WebGL target not found
Refreshing native plugins compatible for Editor in 0.32 ms, found 1 plugins.
Preloading 0 native plugins for Editor in 0.00 ms.
Invoked RoslynAnalysisRunner static constructor.
RoslynAnalysisRunner will not be running.
RoslynAnalysisRunner has terminated.
Mono: successfully reloaded assembly
- Completed reload, in  0.553 seconds
Platform modules already initialized, skipping
Refreshing native plugins compatible for Editor in 0.33 ms, found 1 plugins.
Preloading 0 native plugins for Editor in 0.00 ms.
Unloading 1814 Unused Serialized files (Serialized files now loaded: 0)
System memory in use before: 89.0 MB.
System memory in use after: 88.9 MB.

Unloading 12 unused Assets to reduce memory usage. Loaded Objects now: 2382.
Total: 1.829900 ms (FindLiveObjects: 0.157500 ms CreateObjectMapping: 0.039300 ms MarkObjects: 1.502400 ms  DeleteObjects: 0.130000 ms)

========================================================================
Received Import Request.
  Time since last request: 4.578360 seconds.
  path: Assets/Prefabs/GrowSE.prefab
  artifactKey: Guid(85e33e82222dda64b90cb41100ad6e52) Importer(815301076,1909f56bfc062723c751e8b465ee728b)
Start importing Assets/Prefabs/GrowSE.prefab using Guid(85e33e82222dda64b90cb41100ad6e52) Importer(815301076,1909f56bfc062723c751e8b465ee728b)  -> (artifact id: 'c9b4ff24c2c23d08a54bc776addf545b') in 0.019161 seconds
  Import took 0.022847 seconds .

========================================================================
Received Prepare
Registering precompiled user dll's ...
Registered in 0.000813 seconds.
Begin MonoManager ReloadAssembly
Native extension for WindowsStandalone target not found
Native extension for WebGL target not found
Refreshing native plugins compatible for Editor in 0.31 ms, found 1 plugins.
Preloading 0 native plugins for Editor in 0.00 ms.
Invoked RoslynAnalysisRunner static constructor.
RoslynAnalysisRunner will not be running.
RoslynAnalysisRunner has terminated.
Mono: successfully reloaded assembly
- Completed reload, in  0.546 seconds
Platform modules already initialized, skipping
Refreshing native plugins compatible for Editor in 0.31 ms, found 1 plugins.
Preloading 0 native plugins for Editor in 0.00 ms.
Unloading 1814 Unused Serialized files (Serialized files now loaded: 0)
System memory in use before: 89.0 MB.
System memory in use after: 89.0 MB.

Unloading 12 unused Assets to reduce memory usage. Loaded Objects now: 2386.
Total: 1.528600 ms (FindLiveObjects: 0.145400 ms CreateObjectMapping: 0.029700 ms MarkObjects: 1.233200 ms  DeleteObjects: 0.114500 ms)

========================================================================
Received Prepare
Registering precompiled user dll's ...
Registered in 0.000631 seconds.
Begin MonoManager ReloadAssembly
Native extension for WindowsStandalone target not found
Native extension for WebGL target not found
Refreshing native plugins compatible for Editor in 0.32 ms, found 1 plugins.
Preloading 0 native plugins for Editor in 0.00 ms.
Invoked RoslynAnalysisRunner static constructor.
RoslynAnalysisRunner will not be running.
RoslynAnalysisRunner has terminated.
Mono: successfully reloaded assembly
- Completed reload, in  0.613 seconds
Platform modules already initialized, skipping
Refreshing native plugins compatible for Editor in 0.29 ms, found 1 plugins.
Preloading 0 native plugins for Editor in 0.00 ms.
Unloading 1814 Unused Serialized files (Serialized files now loaded: 0)
System memory in use before: 89.0 MB.
System memory in use after: 89.0 MB.

Unloading 12 unused Assets to reduce memory usage. Loaded Objects now: 2390.
Total: 1.627600 ms (FindLiveObjects: 0.143200 ms CreateObjectMapping: 0.032400 ms MarkObjects: 1.352400 ms  DeleteObjects: 0.098100 ms)

========================================================================
Received Import Request.
  Time since last request: 46.643647 seconds.
  path: Assets/Prefabs/Seed1.prefab
  artifactKey: Guid(c913cf5259a42094882fce34f545de36) Importer(815301076,1909f56bfc062723c751e8b465ee728b)
Start importing Assets/Prefabs/Seed1.prefab using Guid(c913cf5259a42094882fce34f545de36) Importer(815301076,1909f56bfc062723c751e8b465ee728b)  -> (artifact id: 'f63439bd342a2058e848b16ec8011887') in 0.047592 seconds
  Import took 0.059586 seconds .

========================================================================
Received Prepare
Registering precompiled user dll's ...
Registered in 0.000882 seconds.
Begin MonoManager ReloadAssembly
Native extension for WindowsStandalone target not found
Native extension for WebGL target not found
Refreshing native plugins compatible for Editor in 0.30 ms, found 1 plugins.
Preloading 0 native plugins for Editor in 0.00 ms.
Invoked RoslynAnalysisRunner static constructor.
RoslynAnalysisRunner will not be running.
RoslynAnalysisRunner has terminated.
Mono: successfully reloaded assembly
- Completed reload, in  0.594 seconds
Platform modules already initialized, skipping
Refreshing native plugins compatible for Editor in 5.29 ms, found 1 plugins.
Preloading 0 native plugins for Editor in 0.00 ms.
Unloading 1814 Unused Serialized files (Serialized files now loaded: 0)
System memory in use before: 89.0 MB.
System memory in use after: 89.0 MB.

Unloading 12 unused Assets to reduce memory usage. Loaded Objects now: 2395.
Total: 2.830400 ms (FindLiveObjects: 0.193600 ms CreateObjectMapping: 0.059400 ms MarkObjects: 2.391800 ms  DeleteObjects: 0.184100 ms)

========================================================================
Received Import Request.
  Time since last request: 63.819513 seconds.
  path: Assets/Scripts/DropSpace.cs
  artifactKey: Guid(080c5e1da8fcbe14f9136b21c9333493) Importer(815301076,1909f56bfc062723c751e8b465ee728b)
Start importing Assets/Scripts/DropSpace.cs using Guid(080c5e1da8fcbe14f9136b21c9333493) Importer(815301076,1909f56bfc062723c751e8b465ee728b)  -> (artifact id: 'c17021bcd9b2f6039dd4ae8b8df8146e') in 0.008501 seconds
  Import took 0.013576 seconds .

========================================================================
Received Prepare
Registering precompiled user dll's ...
Registered in 0.000865 seconds.
Begin MonoManager ReloadAssembly
Native extension for WindowsStandalone target not found
Native extension for WebGL target not found
Refreshing native plugins compatible for Editor in 0.32 ms, found 1 plugins.
Preloading 0 native plugins for Editor in 0.00 ms.
Invoked RoslynAnalysisRunner static constructor.
RoslynAnalysisRunner will not be running.
RoslynAnalysisRunner has terminated.
Mono: successfully reloaded assembly
- Completed reload, in  0.595 seconds
Platform modules already initialized, skipping
Refreshing native plugins compatible for Editor in 0.28 ms, found 1 plugins.
Preloading 0 native plugins for Editor in 0.00 ms.
Unloading 1814 Unused Serialized files (Serialized files now loaded: 0)
System memory in use before: 89.0 MB.
System memory in use after: 89.0 MB.

Unloading 12 unused Assets to reduce memory usage. Loaded Objects now: 2399.
Total: 1.590600 ms (FindLiveObjects: 0.135900 ms CreateObjectMapping: 0.034400 ms MarkObjects: 1.332100 ms  DeleteObjects: 0.087200 ms)

========================================================================
Received Prepare
Registering precompiled user dll's ...
Registered in 0.000813 seconds.
Begin MonoManager ReloadAssembly
Native extension for WindowsStandalone target not found
Native extension for WebGL target not found
Refreshing native plugins compatible for Editor in 0.30 ms, found 1 plugins.
Preloading 0 native plugins for Editor in 0.00 ms.
Invoked RoslynAnalysisRunner static constructor.
RoslynAnalysisRunner will not be running.
RoslynAnalysisRunner has terminated.
Mono: successfully reloaded assembly
- Completed reload, in  0.568 seconds
Platform modules already initialized, skipping
Refreshing native plugins compatible for Editor in 0.32 ms, found 1 plugins.
Preloading 0 native plugins for Editor in 0.00 ms.
Unloading 1814 Unused Serialized files (Serialized files now loaded: 0)
System memory in use before: 89.0 MB.
System memory in use after: 89.0 MB.

Unloading 12 unused Assets to reduce memory usage. Loaded Objects now: 2403.
Total: 1.981200 ms (FindLiveObjects: 0.187000 ms CreateObjectMapping: 0.057400 ms MarkObjects: 1.615500 ms  DeleteObjects: 0.120100 ms)

========================================================================
Received Prepare
Registering precompiled user dll's ...
Registered in 0.000713 seconds.
Begin MonoManager ReloadAssembly
Native extension for WindowsStandalone target not found
Native extension for WebGL target not found
Refreshing native plugins compatible for Editor in 0.31 ms, found 1 plugins.
Preloading 0 native plugins for Editor in 0.00 ms.
Invoked RoslynAnalysisRunner static constructor.
RoslynAnalysisRunner will not be running.
RoslynAnalysisRunner has terminated.
Mono: successfully reloaded assembly
- Completed reload, in  0.612 seconds
Platform modules already initialized, skipping
Refreshing native plugins compatible for Editor in 0.30 ms, found 1 plugins.
Preloading 0 native plugins for Editor in 0.00 ms.
Unloading 1814 Unused Serialized files (Serialized files now loaded: 0)
System memory in use before: 89.0 MB.
System memory in use after: 89.0 MB.

Unloading 12 unused Assets to reduce memory usage. Loaded Objects now: 2407.
Total: 1.762100 ms (FindLiveObjects: 0.135200 ms CreateObjectMapping: 0.030400 ms MarkObjects: 1.483000 ms  DeleteObjects: 0.112600 ms)

========================================================================
Received Import Request.
  Time since last request: 1302.599359 seconds.
  path: Assets/Images/nc286357.jpg
  artifactKey: Guid(9bd1f2ae4e7f2664cb3788a0250716d9) Importer(815301076,1909f56bfc062723c751e8b465ee728b)
Start importing Assets/Images/nc286357.jpg using Guid(9bd1f2ae4e7f2664cb3788a0250716d9) Importer(815301076,1909f56bfc062723c751e8b465ee728b)  -> (artifact id: 'bd38b67c125326437b3de55f94a68d34') in 0.078920 seconds
  Import took 0.082950 seconds .

========================================================================
Received Import Request.
  Time since last request: 158.999555 seconds.
  path: Assets/Sounds/4.mp3
  artifactKey: Guid(576b8aa15f5df7c409157320ad863eb3) Importer(815301076,1909f56bfc062723c751e8b465ee728b)
Start importing Assets/Sounds/4.mp3 using Guid(576b8aa15f5df7c409157320ad863eb3) Importer(815301076,1909f56bfc062723c751e8b465ee728b)  -> (artifact id: '54c1eb9335eda0590419804619812d4a') in 0.040147 seconds
  Import took 0.043175 seconds .

========================================================================
Received Prepare
Registering precompiled user dll's ...
Registered in 0.000854 seconds.
Begin MonoManager ReloadAssembly
Native extension for WindowsStandalone target not found
Native extension for WebGL target not found
Refreshing native plugins compatible for Editor in 0.31 ms, found 1 plugins.
Preloading 0 native plugins for Editor in 0.00 ms.
Invoked RoslynAnalysisRunner static constructor.
RoslynAnalysisRunner will not be running.
RoslynAnalysisRunner has terminated.
Mono: successfully reloaded assembly
- Completed reload, in  0.604 seconds
Platform modules already initialized, skipping
Refreshing native plugins compatible for Editor in 0.29 ms, found 1 plugins.
Preloading 0 native plugins for Editor in 0.00 ms.
Unloading 1814 Unused Serialized files (Serialized files now loaded: 0)
System memory in use before: 89.1 MB.
System memory in use after: 89.1 MB.

Unloading 12 unused Assets to reduce memory usage. Loaded Objects now: 2416.
Total: 1.601500 ms (FindLiveObjects: 0.148400 ms CreateObjectMapping: 0.029000 ms MarkObjects: 1.317300 ms  DeleteObjects: 0.105500 ms)

========================================================================
Received Prepare
Registering precompiled user dll's ...
Registered in 0.001065 seconds.
Begin MonoManager ReloadAssembly
Native extension for WindowsStandalone target not found
Native extension for WebGL target not found
Refreshing native plugins compatible for Editor in 0.42 ms, found 1 plugins.
Preloading 0 native plugins for Editor in 0.00 ms.
Invoked RoslynAnalysisRunner static constructor.
RoslynAnalysisRunner will not be running.
RoslynAnalysisRunner has terminated.
Mono: successfully reloaded assembly
- Completed reload, in  0.566 seconds
Platform modules already initialized, skipping
Refreshing native plugins compatible for Editor in 0.30 ms, found 1 plugins.
Preloading 0 native plugins for Editor in 0.00 ms.
Unloading 1814 Unused Serialized files (Serialized files now loaded: 0)
System memory in use before: 89.1 MB.
System memory in use after: 89.1 MB.

Unloading 12 unused Assets to reduce memory usage. Loaded Objects now: 2420.
Total: 2.053000 ms (FindLiveObjects: 0.212400 ms CreateObjectMapping: 0.047300 ms MarkObjects: 1.650400 ms  DeleteObjects: 0.141600 ms)

========================================================================
Received Prepare
Registering precompiled user dll's ...
Registered in 0.000835 seconds.
Begin MonoManager ReloadAssembly
Native extension for WindowsStandalone target not found
Native extension for WebGL target not found
Refreshing native plugins compatible for Editor in 0.52 ms, found 1 plugins.
Preloading 0 native plugins for Editor in 0.00 ms.
Invoked RoslynAnalysisRunner static constructor.
RoslynAnalysisRunner will not be running.
RoslynAnalysisRunner has terminated.
Mono: successfully reloaded assembly
- Completed reload, in  0.574 seconds
Platform modules already initialized, skipping
Refreshing native plugins compatible for Editor in 0.32 ms, found 1 plugins.
Preloading 0 native plugins for Editor in 0.00 ms.
Unloading 1814 Unused Serialized files (Serialized files now loaded: 0)
System memory in use before: 89.1 MB.
System memory in use after: 89.1 MB.

Unloading 12 unused Assets to reduce memory usage. Loaded Objects now: 2424.
Total: 1.869900 ms (FindLiveObjects: 0.263400 ms CreateObjectMapping: 0.045400 ms MarkObjects: 1.451300 ms  DeleteObjects: 0.108300 ms)

========================================================================
Received Import Request.
  Time since last request: 347.749527 seconds.
  path: Assets/Scripts/OrderManager.cs
  artifactKey: Guid(da3e520fc7a6de443a216c5743c103f3) Importer(815301076,1909f56bfc062723c751e8b465ee728b)
Start importing Assets/Scripts/OrderManager.cs using Guid(da3e520fc7a6de443a216c5743c103f3) Importer(815301076,1909f56bfc062723c751e8b465ee728b)  -> (artifact id: 'e02028445c6b4a19ef148bd0176a7045') in 0.005539 seconds
  Import took 0.008316 seconds .

========================================================================
Received Import Request.
  Time since last request: 2.295408 seconds.
  path: Assets/Scripts/DropSpace.cs
  artifactKey: Guid(080c5e1da8fcbe14f9136b21c9333493) Importer(815301076,1909f56bfc062723c751e8b465ee728b)
Start importing Assets/Scripts/DropSpace.cs using Guid(080c5e1da8fcbe14f9136b21c9333493) Importer(815301076,1909f56bfc062723c751e8b465ee728b)  -> (artifact id: '37c5239fd6a98c5261776f7e6098b45f') in 0.002670 seconds
  Import took 0.031394 seconds .

========================================================================
Received Prepare
Registering precompiled user dll's ...
Registered in 0.000758 seconds.
Begin MonoManager ReloadAssembly
Native extension for WindowsStandalone target not found
Native extension for WebGL target not found
Refreshing native plugins compatible for Editor in 0.31 ms, found 1 plugins.
Preloading 0 native plugins for Editor in 0.00 ms.
Invoked RoslynAnalysisRunner static constructor.
RoslynAnalysisRunner will not be running.
RoslynAnalysisRunner has terminated.
Mono: successfully reloaded assembly
- Completed reload, in  0.577 seconds
Platform modules already initialized, skipping
Refreshing native plugins compatible for Editor in 0.29 ms, found 1 plugins.
Preloading 0 native plugins for Editor in 0.00 ms.
Unloading 1813 Unused Serialized files (Serialized files now loaded: 0)
System memory in use before: 89.1 MB.
System memory in use after: 89.1 MB.

Unloading 13 unused Assets to reduce memory usage. Loaded Objects now: 2427.
Total: 1.605700 ms (FindLiveObjects: 0.122500 ms CreateObjectMapping: 0.028700 ms MarkObjects: 1.355700 ms  DeleteObjects: 0.097800 ms)

========================================================================
Received Prepare
Registering precompiled user dll's ...
Registered in 0.000832 seconds.
Begin MonoManager ReloadAssembly
Native extension for WindowsStandalone target not found
Native extension for WebGL target not found
Refreshing native plugins compatible for Editor in 0.37 ms, found 1 plugins.
Preloading 0 native plugins for Editor in 0.00 ms.
Invoked RoslynAnalysisRunner static constructor.
RoslynAnalysisRunner will not be running.
RoslynAnalysisRunner has terminated.
Mono: successfully reloaded assembly
- Completed reload, in  0.609 seconds
Platform modules already initialized, skipping
Refreshing native plugins compatible for Editor in 0.41 ms, found 1 plugins.
Preloading 0 native plugins for Editor in 0.00 ms.
Unloading 1813 Unused Serialized files (Serialized files now loaded: 0)
System memory in use before: 89.1 MB.
System memory in use after: 89.1 MB.

Unloading 12 unused Assets to reduce memory usage. Loaded Objects now: 2431.
Total: 2.819600 ms (FindLiveObjects: 0.214300 ms CreateObjectMapping: 0.063300 ms MarkObjects: 2.367600 ms  DeleteObjects: 0.165200 ms)

========================================================================
Received Import Request.
  Time since last request: 85.980143 seconds.
  path: Assets/Scripts/OrderManager.cs
  artifactKey: Guid(da3e520fc7a6de443a216c5743c103f3) Importer(815301076,1909f56bfc062723c751e8b465ee728b)
Start importing Assets/Scripts/OrderManager.cs using Guid(da3e520fc7a6de443a216c5743c103f3) Importer(815301076,1909f56bfc062723c751e8b465ee728b)  -> (artifact id: 'a8fdd9c13f78560f8effba9df523728d') in 0.006432 seconds
  Import took 0.009037 seconds .

========================================================================
Received Import Request.
  Time since last request: 0.025062 seconds.
  path: Assets/Scripts/OrderManager.cs
  artifactKey: Guid(da3e520fc7a6de443a216c5743c103f3) Importer(815301076,1909f56bfc062723c751e8b465ee728b)
Start importing Assets/Scripts/OrderManager.cs using Guid(da3e520fc7a6de443a216c5743c103f3) Importer(815301076,1909f56bfc062723c751e8b465ee728b)  -> (artifact id: 'a8fdd9c13f78560f8effba9df523728d') in 0.003744 seconds
  Import took 0.008190 seconds .

========================================================================
Received Import Request.
  Time since last request: 32.593756 seconds.
  path: Assets/Prefabs/Seed2.prefab
  artifactKey: Guid(77d8b2a60e191a44a8c1da4b6a0cefca) Importer(815301076,1909f56bfc062723c751e8b465ee728b)
Start importing Assets/Prefabs/Seed2.prefab using Guid(77d8b2a60e191a44a8c1da4b6a0cefca) Importer(815301076,1909f56bfc062723c751e8b465ee728b)  -> (artifact id: '3c7375f2fffd774a625be48ec732984f') in 0.040773 seconds
  Import took 0.044713 seconds .

========================================================================
Received Import Request.
  Time since last request: 0.011660 seconds.
  path: Assets/Prefabs/Seed2.prefab
  artifactKey: Guid(77d8b2a60e191a44a8c1da4b6a0cefca) Importer(815301076,1909f56bfc062723c751e8b465ee728b)
Start importing Assets/Prefabs/Seed2.prefab using Guid(77d8b2a60e191a44a8c1da4b6a0cefca) Importer(815301076,1909f56bfc062723c751e8b465ee728b)  -> (artifact id: '3c7375f2fffd774a625be48ec732984f') in 0.010243 seconds
  Import took 0.012858 seconds .

========================================================================
Received Prepare
Registering precompiled user dll's ...
Registered in 0.000891 seconds.
Begin MonoManager ReloadAssembly
Native extension for WindowsStandalone target not found
Native extension for WebGL target not found
Refreshing native plugins compatible for Editor in 0.32 ms, found 1 plugins.
Preloading 0 native plugins for Editor in 0.00 ms.
Invoked RoslynAnalysisRunner static constructor.
RoslynAnalysisRunner will not be running.
RoslynAnalysisRunner has terminated.
Mono: successfully reloaded assembly
- Completed reload, in  0.594 seconds
Platform modules already initialized, skipping
Refreshing native plugins compatible for Editor in 0.31 ms, found 1 plugins.
Preloading 0 native plugins for Editor in 0.00 ms.
Unloading 1813 Unused Serialized files (Serialized files now loaded: 0)
System memory in use before: 89.1 MB.
System memory in use after: 89.1 MB.

Unloading 12 unused Assets to reduce memory usage. Loaded Objects now: 2436.
Total: 1.579500 ms (FindLiveObjects: 0.145600 ms CreateObjectMapping: 0.030800 ms MarkObjects: 1.314300 ms  DeleteObjects: 0.088000 ms)

========================================================================
Received Prepare
Registering precompiled user dll's ...
Registered in 0.000838 seconds.
Begin MonoManager ReloadAssembly
Native extension for WindowsStandalone target not found
Native extension for WebGL target not found
Refreshing native plugins compatible for Editor in 0.34 ms, found 1 plugins.
Preloading 0 native plugins for Editor in 0.00 ms.
Invoked RoslynAnalysisRunner static constructor.
RoslynAnalysisRunner will not be running.
RoslynAnalysisRunner has terminated.
Mono: successfully reloaded assembly
- Completed reload, in  0.573 seconds
Platform modules already initialized, skipping
Refreshing native plugins compatible for Editor in 0.37 ms, found 1 plugins.
Preloading 0 native plugins for Editor in 0.00 ms.
Unloading 1813 Unused Serialized files (Serialized files now loaded: 0)
System memory in use before: 89.1 MB.
System memory in use after: 89.1 MB.

Unloading 12 unused Assets to reduce memory usage. Loaded Objects now: 2440.
Total: 1.893100 ms (FindLiveObjects: 0.248500 ms CreateObjectMapping: 0.047700 ms MarkObjects: 1.490100 ms  DeleteObjects: 0.105600 ms)

========================================================================
Received Import Request.
  Time since last request: 132.670501 seconds.
  path: Assets/Prefabs/Seed3.prefab
  artifactKey: Guid(b24b0408d9892d14bb0e433bfd88195c) Importer(815301076,1909f56bfc062723c751e8b465ee728b)
Start importing Assets/Prefabs/Seed3.prefab using Guid(b24b0408d9892d14bb0e433bfd88195c) Importer(815301076,1909f56bfc062723c751e8b465ee728b)  -> (artifact id: 'f47ea8b55beacb849dff15617bb0402e') in 0.045641 seconds
  Import took 0.048881 seconds .

========================================================================
Received Prepare
Refreshing native plugins compatible for Editor in 1.42 ms, found 1 plugins.
Preloading 0 native plugins for Editor in 0.00 ms.
Unloading 10 Unused Serialized files (Serialized files now loaded: 0)
System memory in use before: 53.6 MB.
System memory in use after: 53.5 MB.

Unloading 10 unused Assets to reduce memory usage. Loaded Objects now: 2441.
Total: 1.979400 ms (FindLiveObjects: 0.179600 ms CreateObjectMapping: 0.034400 ms MarkObjects: 1.611200 ms  DeleteObjects: 0.152900 ms)

AssetImportWorkerClient::OnTransportError - code=2 error=End of file
