Using pre-set license
Built from '2020.2/staging' branch; Version is '2020.2.7f1 (c53830e277f1) revision 12924976'; Using compiler version '192528614'; Build Type 'Release'
OS: 'Windows 10 Home; OS build 22621.3155; Version 2009; 64bit' Language: 'ja' Physical Memory: 16085 MB
BatchMode: 1, IsHumanControllingUs: 0, StartBugReporterOnCrash: 0, Is64bit: 1, IsPro: 0

 COMMAND LINE ARGUMENTS:
C:\Program Files\Unity\Hub\Editor\2020.2.7f1\Editor\Unity.exe
-adb2
-batchMode
-noUpm
-name
AssetImportWorker0
-projectPath
C:/Users/takuk/Desktop/UnityProject/HarvestRush
-logFile
Logs/AssetImportWorker0.log
-srvPort
55240
Successfully changed project path to: C:/Users/takuk/Desktop/UnityProject/HarvestRush
C:/Users/takuk/Desktop/UnityProject/HarvestRush
Using Asset Import Pipeline V2.
Refreshing native plugins compatible for Editor in 33.12 ms, found 1 plugins.
Preloading 0 native plugins for Editor in 0.00 ms.
Initialize engine version: 2020.2.7f1 (c53830e277f1)
[Subsystems] Discovering subsystems at path C:/Program Files/Unity/Hub/Editor/2020.2.7f1/Editor/Data/Resources/UnitySubsystems
[Subsystems] Discovering subsystems at path C:/Users/takuk/Desktop/UnityProject/HarvestRush/Assets
GfxDevice: creating device client; threaded=0
Direct3D:
    Version:  Direct3D 11.0 [level 11.1]
    Renderer: NVIDIA GeForce RTX 3050 Ti Laptop GPU (ID=0x25a0)
    Vendor:   
    VRAM:     3978 MB
    Driver:   31.0.15.4621
Initialize mono
Mono path[0] = 'C:/Program Files/Unity/Hub/Editor/2020.2.7f1/Editor/Data/Managed'
Mono path[1] = 'C:/Program Files/Unity/Hub/Editor/2020.2.7f1/Editor/Data/MonoBleedingEdge/lib/mono/unityjit'
Mono config path = 'C:/Program Files/Unity/Hub/Editor/2020.2.7f1/Editor/Data/MonoBleedingEdge/etc'
Using monoOptions --debugger-agent=transport=dt_socket,embedding=1,server=y,suspend=n,address=127.0.0.1:56916
Begin MonoManager ReloadAssembly
Registering precompiled unity dll's ...
Register platform support module: C:/Program Files/Unity/Hub/Editor/2020.2.7f1/Editor/Data/PlaybackEngines/WebGLSupport/UnityEditor.WebGL.Extensions.dll
Register platform support module: C:/Program Files/Unity/Hub/Editor/2020.2.7f1/Editor/Data/PlaybackEngines/WindowsStandaloneSupport/UnityEditor.WindowsStandalone.Extensions.dll
Registered in 0.001872 seconds.
Native extension for WindowsStandalone target not found
Native extension for WebGL target not found
Refreshing native plugins compatible for Editor in 24.04 ms, found 1 plugins.
Preloading 0 native plugins for Editor in 0.00 ms.
Invoked RoslynAnalysisRunner static constructor.
RoslynAnalysisRunner will not be running.
RoslynAnalysisRunner has terminated.
Mono: successfully reloaded assembly
- Completed reload, in  1.742 seconds
Platform modules already initialized, skipping
Registering precompiled user dll's ...
Registered in 0.000969 seconds.
Begin MonoManager ReloadAssembly
Native extension for WindowsStandalone target not found
Native extension for WebGL target not found
Refreshing native plugins compatible for Editor in 25.93 ms, found 1 plugins.
Preloading 0 native plugins for Editor in 0.00 ms.
Invoked RoslynAnalysisRunner static constructor.
RoslynAnalysisRunner will not be running.
RoslynAnalysisRunner has terminated.
Mono: successfully reloaded assembly
- Completed reload, in  0.701 seconds
Platform modules already initialized, skipping
========================================================================
Worker process is ready to serve import requests
Launched and connected shader compiler UnityShaderCompiler.exe after 0.05 seconds
Refreshing native plugins compatible for Editor in 0.31 ms, found 1 plugins.
Preloading 0 native plugins for Editor in 0.00 ms.
Unloading 1813 Unused Serialized files (Serialized files now loaded: 0)
System memory in use before: 84.8 MB.
System memory in use after: 84.8 MB.

Unloading 24 unused Assets to reduce memory usage. Loaded Objects now: 2257.
Total: 1.853800 ms (FindLiveObjects: 0.138700 ms CreateObjectMapping: 0.041200 ms MarkObjects: 1.552000 ms  DeleteObjects: 0.120500 ms)

========================================================================
Received Import Request.
  path: Assets/Scripts/Draggable.cs
  artifactKey: Guid(9183f556795253442bf80f1eeec52d65) Importer(815301076,1909f56bfc062723c751e8b465ee728b)
Start importing Assets/Scripts/Draggable.cs using Guid(9183f556795253442bf80f1eeec52d65) Importer(815301076,1909f56bfc062723c751e8b465ee728b)  -> (artifact id: '267593f41fde3cd847dc2714961da2ae') in 0.038723 seconds
  Import took 0.041894 seconds .

========================================================================
Received Import Request.
  Time since last request: 172.029682 seconds.
  path: Assets/Scripts/Draggable.cs
  artifactKey: Guid(9183f556795253442bf80f1eeec52d65) Importer(815301076,1909f56bfc062723c751e8b465ee728b)
Start importing Assets/Scripts/Draggable.cs using Guid(9183f556795253442bf80f1eeec52d65) Importer(815301076,1909f56bfc062723c751e8b465ee728b)  -> (artifact id: 'cc852630099b8564d1be3a215b04e2ff') in 0.003491 seconds
  Import took 0.006794 seconds .

========================================================================
Received Prepare
Registering precompiled user dll's ...
Registered in 0.000662 seconds.
Begin MonoManager ReloadAssembly
Native extension for WindowsStandalone target not found
Native extension for WebGL target not found
Refreshing native plugins compatible for Editor in 0.31 ms, found 1 plugins.
Preloading 0 native plugins for Editor in 0.00 ms.
Invoked RoslynAnalysisRunner static constructor.
RoslynAnalysisRunner will not be running.
RoslynAnalysisRunner has terminated.
Mono: successfully reloaded assembly
- Completed reload, in  0.605 seconds
Platform modules already initialized, skipping
Refreshing native plugins compatible for Editor in 0.28 ms, found 1 plugins.
Preloading 0 native plugins for Editor in 0.00 ms.
Unloading 1808 Unused Serialized files (Serialized files now loaded: 0)
System memory in use before: 84.8 MB.
System memory in use after: 84.8 MB.

Unloading 12 unused Assets to reduce memory usage. Loaded Objects now: 2261.
Total: 1.658500 ms (FindLiveObjects: 0.192800 ms CreateObjectMapping: 0.042800 ms MarkObjects: 1.342600 ms  DeleteObjects: 0.079200 ms)

========================================================================
Received Prepare
Registering precompiled user dll's ...
Registered in 0.000730 seconds.
Begin MonoManager ReloadAssembly
Native extension for WindowsStandalone target not found
Native extension for WebGL target not found
Refreshing native plugins compatible for Editor in 0.31 ms, found 1 plugins.
Preloading 0 native plugins for Editor in 0.00 ms.
Invoked RoslynAnalysisRunner static constructor.
RoslynAnalysisRunner will not be running.
RoslynAnalysisRunner has terminated.
Mono: successfully reloaded assembly
- Completed reload, in  0.561 seconds
Platform modules already initialized, skipping
Refreshing native plugins compatible for Editor in 0.28 ms, found 1 plugins.
Preloading 0 native plugins for Editor in 0.00 ms.
Unloading 1808 Unused Serialized files (Serialized files now loaded: 0)
System memory in use before: 84.8 MB.
System memory in use after: 84.8 MB.

Unloading 12 unused Assets to reduce memory usage. Loaded Objects now: 2265.
Total: 1.568600 ms (FindLiveObjects: 0.155300 ms CreateObjectMapping: 0.030200 ms MarkObjects: 1.284900 ms  DeleteObjects: 0.097200 ms)

========================================================================
Received Prepare
Registering precompiled user dll's ...
Registered in 0.000651 seconds.
Begin MonoManager ReloadAssembly
Native extension for WindowsStandalone target not found
Native extension for WebGL target not found
Refreshing native plugins compatible for Editor in 1.03 ms, found 1 plugins.
Preloading 0 native plugins for Editor in 0.00 ms.
Invoked RoslynAnalysisRunner static constructor.
RoslynAnalysisRunner will not be running.
RoslynAnalysisRunner has terminated.
Mono: successfully reloaded assembly
- Completed reload, in  0.597 seconds
Platform modules already initialized, skipping
Refreshing native plugins compatible for Editor in 0.30 ms, found 1 plugins.
Preloading 0 native plugins for Editor in 0.00 ms.
Unloading 1808 Unused Serialized files (Serialized files now loaded: 0)
System memory in use before: 84.9 MB.
System memory in use after: 84.8 MB.

Unloading 12 unused Assets to reduce memory usage. Loaded Objects now: 2269.
Total: 1.932100 ms (FindLiveObjects: 0.226300 ms CreateObjectMapping: 0.064300 ms MarkObjects: 1.521200 ms  DeleteObjects: 0.118800 ms)

========================================================================
Received Prepare
Registering precompiled user dll's ...
Registered in 0.000581 seconds.
Begin MonoManager ReloadAssembly
Native extension for WindowsStandalone target not found
Native extension for WebGL target not found
Refreshing native plugins compatible for Editor in 0.31 ms, found 1 plugins.
Preloading 0 native plugins for Editor in 0.00 ms.
Invoked RoslynAnalysisRunner static constructor.
RoslynAnalysisRunner will not be running.
RoslynAnalysisRunner has terminated.
Mono: successfully reloaded assembly
- Completed reload, in  0.639 seconds
Platform modules already initialized, skipping
Refreshing native plugins compatible for Editor in 0.48 ms, found 1 plugins.
Preloading 0 native plugins for Editor in 0.00 ms.
Unloading 1808 Unused Serialized files (Serialized files now loaded: 0)
System memory in use before: 84.9 MB.
System memory in use after: 84.9 MB.

Unloading 12 unused Assets to reduce memory usage. Loaded Objects now: 2273.
Total: 2.270100 ms (FindLiveObjects: 0.170400 ms CreateObjectMapping: 0.048500 ms MarkObjects: 1.891200 ms  DeleteObjects: 0.158000 ms)

========================================================================
Received Prepare
Registering precompiled user dll's ...
Registered in 0.000734 seconds.
Begin MonoManager ReloadAssembly
Native extension for WindowsStandalone target not found
Native extension for WebGL target not found
Refreshing native plugins compatible for Editor in 0.31 ms, found 1 plugins.
Preloading 0 native plugins for Editor in 0.00 ms.
Invoked RoslynAnalysisRunner static constructor.
RoslynAnalysisRunner will not be running.
RoslynAnalysisRunner has terminated.
Mono: successfully reloaded assembly
- Completed reload, in  0.610 seconds
Platform modules already initialized, skipping
Refreshing native plugins compatible for Editor in 0.28 ms, found 1 plugins.
Preloading 0 native plugins for Editor in 0.00 ms.
Unloading 1808 Unused Serialized files (Serialized files now loaded: 0)
System memory in use before: 84.9 MB.
System memory in use after: 84.9 MB.

Unloading 12 unused Assets to reduce memory usage. Loaded Objects now: 2277.
Total: 1.772900 ms (FindLiveObjects: 0.197900 ms CreateObjectMapping: 0.041700 ms MarkObjects: 1.400800 ms  DeleteObjects: 0.127800 ms)

========================================================================
Received Import Request.
  Time since last request: 618.480700 seconds.
  path: Assets/Prefabs/Seed1.prefab
  artifactKey: Guid(2d8db747c371bc14c8991b6d07d505ec) Importer(815301076,1909f56bfc062723c751e8b465ee728b)
Start importing Assets/Prefabs/Seed1.prefab using Guid(2d8db747c371bc14c8991b6d07d505ec) Importer(815301076,1909f56bfc062723c751e8b465ee728b)  -> (artifact id: '1f45b8f72a4b95781ae82968e00c1981') in 0.066838 seconds
  Import took 0.069612 seconds .

========================================================================
Received Import Request.
  Time since last request: 9.512418 seconds.
  path: Assets/Prefabs/SeedShop1.prefab
  artifactKey: Guid(2d8db747c371bc14c8991b6d07d505ec) Importer(815301076,1909f56bfc062723c751e8b465ee728b)
Start importing Assets/Prefabs/SeedShop1.prefab using Guid(2d8db747c371bc14c8991b6d07d505ec) Importer(815301076,1909f56bfc062723c751e8b465ee728b)  -> (artifact id: 'fdcecce3d754d7fab3b818d65b2bda1c') in 0.014230 seconds
  Import took 0.016883 seconds .

========================================================================
Received Import Request.
  Time since last request: 1.074501 seconds.
  path: Assets/Prefabs/Seed2.prefab
  artifactKey: Guid(8f8f2e6313ec9c64f90e00545b354ef0) Importer(815301076,1909f56bfc062723c751e8b465ee728b)
Start importing Assets/Prefabs/Seed2.prefab using Guid(8f8f2e6313ec9c64f90e00545b354ef0) Importer(815301076,1909f56bfc062723c751e8b465ee728b)  -> (artifact id: '35ba95a4a4bf9e12aa654abc02a6e9cb') in 0.014187 seconds
  Import took 0.017222 seconds .

========================================================================
Received Import Request.
  Time since last request: 5.163674 seconds.
  path: Assets/Prefabs/SeedShop2.prefab
  artifactKey: Guid(8f8f2e6313ec9c64f90e00545b354ef0) Importer(815301076,1909f56bfc062723c751e8b465ee728b)
Start importing Assets/Prefabs/SeedShop2.prefab using Guid(8f8f2e6313ec9c64f90e00545b354ef0) Importer(815301076,1909f56bfc062723c751e8b465ee728b)  -> (artifact id: '8f79dc5d893dd7edc1e12ec6be5b6267') in 0.012577 seconds
  Import took 0.015509 seconds .

========================================================================
Received Import Request.
  Time since last request: 0.767873 seconds.
  path: Assets/Prefabs/Seed3.prefab
  artifactKey: Guid(554f7e3535fc3034bb4dfe5b8d8e084d) Importer(815301076,1909f56bfc062723c751e8b465ee728b)
Start importing Assets/Prefabs/Seed3.prefab using Guid(554f7e3535fc3034bb4dfe5b8d8e084d) Importer(815301076,1909f56bfc062723c751e8b465ee728b)  -> (artifact id: '14d51c7bb05376aae5deec1102f7d327') in 0.015098 seconds
  Import took 0.018221 seconds .

========================================================================
Received Import Request.
  Time since last request: 4.976322 seconds.
  path: Assets/Prefabs/SeedShop3.prefab
  artifactKey: Guid(554f7e3535fc3034bb4dfe5b8d8e084d) Importer(815301076,1909f56bfc062723c751e8b465ee728b)
Start importing Assets/Prefabs/SeedShop3.prefab using Guid(554f7e3535fc3034bb4dfe5b8d8e084d) Importer(815301076,1909f56bfc062723c751e8b465ee728b)  -> (artifact id: '0b6c59007cb1184819efe01bcd6c576b') in 0.012497 seconds
  Import took 0.015232 seconds .

========================================================================
Received Import Request.
  Time since last request: 79.751438 seconds.
  path: Assets/Scenes/Main.unity
  artifactKey: Guid(c3e30aae726c76c4ebf000f9e570431a) Importer(815301076,1909f56bfc062723c751e8b465ee728b)
Start importing Assets/Scenes/Main.unity using Guid(c3e30aae726c76c4ebf000f9e570431a) Importer(815301076,1909f56bfc062723c751e8b465ee728b)  -> (artifact id: '4ba74fa30b86e605d93ceb14139e9027') in 0.004183 seconds
  Import took 0.012575 seconds .

========================================================================
Received Import Request.
  Time since last request: 91.103842 seconds.
  path: Assets/Prefabs/SeedShop1.prefab
  artifactKey: Guid(2d8db747c371bc14c8991b6d07d505ec) Importer(815301076,1909f56bfc062723c751e8b465ee728b)
Start importing Assets/Prefabs/SeedShop1.prefab using Guid(2d8db747c371bc14c8991b6d07d505ec) Importer(815301076,1909f56bfc062723c751e8b465ee728b)  -> (artifact id: 'd51b40881a19b80f3433e74fd1442910') in 0.010214 seconds
  Import took 0.013435 seconds .

========================================================================
Received Import Request.
  Time since last request: 0.011124 seconds.
  path: Assets/Prefabs/SeedShop1.prefab
  artifactKey: Guid(2d8db747c371bc14c8991b6d07d505ec) Importer(815301076,1909f56bfc062723c751e8b465ee728b)
Start importing Assets/Prefabs/SeedShop1.prefab using Guid(2d8db747c371bc14c8991b6d07d505ec) Importer(815301076,1909f56bfc062723c751e8b465ee728b)  -> (artifact id: 'd51b40881a19b80f3433e74fd1442910') in 0.010044 seconds
  Import took 0.013150 seconds .

========================================================================
Received Import Request.
  Time since last request: 4.695113 seconds.
  path: Assets/Prefabs/SeedShop1.prefab
  artifactKey: Guid(2d8db747c371bc14c8991b6d07d505ec) Importer(815301076,1909f56bfc062723c751e8b465ee728b)
Start importing Assets/Prefabs/SeedShop1.prefab using Guid(2d8db747c371bc14c8991b6d07d505ec) Importer(815301076,1909f56bfc062723c751e8b465ee728b)  -> (artifact id: 'd3ed77d027d28b9464e43fc4654d2504') in 0.009461 seconds
  Import took 0.012498 seconds .

========================================================================
Received Import Request.
  Time since last request: 0.015621 seconds.
  path: Assets/Prefabs/SeedShop1.prefab
  artifactKey: Guid(2d8db747c371bc14c8991b6d07d505ec) Importer(815301076,1909f56bfc062723c751e8b465ee728b)
Start importing Assets/Prefabs/SeedShop1.prefab using Guid(2d8db747c371bc14c8991b6d07d505ec) Importer(815301076,1909f56bfc062723c751e8b465ee728b)  -> (artifact id: 'd3ed77d027d28b9464e43fc4654d2504') in 0.008940 seconds
  Import took 0.011495 seconds .

========================================================================
Received Import Request.
  Time since last request: 3.047834 seconds.
  path: Assets/Prefabs/SeedShop1.prefab
  artifactKey: Guid(2d8db747c371bc14c8991b6d07d505ec) Importer(815301076,1909f56bfc062723c751e8b465ee728b)
Start importing Assets/Prefabs/SeedShop1.prefab using Guid(2d8db747c371bc14c8991b6d07d505ec) Importer(815301076,1909f56bfc062723c751e8b465ee728b)  -> (artifact id: '1ce1e5949772655715f32afb6de8ba6d') in 0.009478 seconds
  Import took 0.012196 seconds .

========================================================================
Received Import Request.
  Time since last request: 3.940023 seconds.
  path: Assets/Prefabs/SeedShop2.prefab
  artifactKey: Guid(8f8f2e6313ec9c64f90e00545b354ef0) Importer(815301076,1909f56bfc062723c751e8b465ee728b)
Start importing Assets/Prefabs/SeedShop2.prefab using Guid(8f8f2e6313ec9c64f90e00545b354ef0) Importer(815301076,1909f56bfc062723c751e8b465ee728b)  -> (artifact id: '3ed3864b22078ba44fa5d011e0da7663') in 0.009003 seconds
  Import took 0.011763 seconds .

========================================================================
Received Import Request.
  Time since last request: 3.913197 seconds.
  path: Assets/Prefabs/SeedShop2.prefab
  artifactKey: Guid(8f8f2e6313ec9c64f90e00545b354ef0) Importer(815301076,1909f56bfc062723c751e8b465ee728b)
Start importing Assets/Prefabs/SeedShop2.prefab using Guid(8f8f2e6313ec9c64f90e00545b354ef0) Importer(815301076,1909f56bfc062723c751e8b465ee728b)  -> (artifact id: '6ea2f50bc06910f0e75b29ec2fff4a70') in 0.014893 seconds
  Import took 0.017744 seconds .

========================================================================
Received Import Request.
  Time since last request: 0.010611 seconds.
  path: Assets/Prefabs/SeedShop2.prefab
  artifactKey: Guid(8f8f2e6313ec9c64f90e00545b354ef0) Importer(815301076,1909f56bfc062723c751e8b465ee728b)
Start importing Assets/Prefabs/SeedShop2.prefab using Guid(8f8f2e6313ec9c64f90e00545b354ef0) Importer(815301076,1909f56bfc062723c751e8b465ee728b)  -> (artifact id: '6ea2f50bc06910f0e75b29ec2fff4a70') in 0.009015 seconds
  Import took 0.011694 seconds .

========================================================================
Received Import Request.
  Time since last request: 1.428278 seconds.
  path: Assets/Prefabs/SeedShop2.prefab
  artifactKey: Guid(8f8f2e6313ec9c64f90e00545b354ef0) Importer(815301076,1909f56bfc062723c751e8b465ee728b)
Start importing Assets/Prefabs/SeedShop2.prefab using Guid(8f8f2e6313ec9c64f90e00545b354ef0) Importer(815301076,1909f56bfc062723c751e8b465ee728b)  -> (artifact id: '340e6d08b42477d3fa7005c6304a441f') in 0.009397 seconds
  Import took 0.012069 seconds .

========================================================================
Received Import Request.
  Time since last request: 4.044089 seconds.
  path: Assets/Prefabs/SeedShop3.prefab
  artifactKey: Guid(554f7e3535fc3034bb4dfe5b8d8e084d) Importer(815301076,1909f56bfc062723c751e8b465ee728b)
Start importing Assets/Prefabs/SeedShop3.prefab using Guid(554f7e3535fc3034bb4dfe5b8d8e084d) Importer(815301076,1909f56bfc062723c751e8b465ee728b)  -> (artifact id: '531a9a3dfca3393dae6d1f6471872805') in 0.008828 seconds
  Import took 0.011988 seconds .

========================================================================
Received Import Request.
  Time since last request: 3.504064 seconds.
  path: Assets/Prefabs/SeedShop3.prefab
  artifactKey: Guid(554f7e3535fc3034bb4dfe5b8d8e084d) Importer(815301076,1909f56bfc062723c751e8b465ee728b)
Start importing Assets/Prefabs/SeedShop3.prefab using Guid(554f7e3535fc3034bb4dfe5b8d8e084d) Importer(815301076,1909f56bfc062723c751e8b465ee728b)  -> (artifact id: '5f47db4efa40914eb074e1e8d22203c9') in 0.011495 seconds
  Import took 0.014266 seconds .

========================================================================
Received Import Request.
  Time since last request: 1.988665 seconds.
  path: Assets/Prefabs/SeedShop3.prefab
  artifactKey: Guid(554f7e3535fc3034bb4dfe5b8d8e084d) Importer(815301076,1909f56bfc062723c751e8b465ee728b)
Start importing Assets/Prefabs/SeedShop3.prefab using Guid(554f7e3535fc3034bb4dfe5b8d8e084d) Importer(815301076,1909f56bfc062723c751e8b465ee728b)  -> (artifact id: 'dac33077e248b2e69a43a5652d6e9add') in 0.009065 seconds
  Import took 0.012262 seconds .

========================================================================
Received Import Request.
  Time since last request: 0.011367 seconds.
  path: Assets/Prefabs/SeedShop3.prefab
  artifactKey: Guid(554f7e3535fc3034bb4dfe5b8d8e084d) Importer(815301076,1909f56bfc062723c751e8b465ee728b)
Start importing Assets/Prefabs/SeedShop3.prefab using Guid(554f7e3535fc3034bb4dfe5b8d8e084d) Importer(815301076,1909f56bfc062723c751e8b465ee728b)  -> (artifact id: 'dac33077e248b2e69a43a5652d6e9add') in 0.009128 seconds
  Import took 0.011735 seconds .

========================================================================
Received Import Request.
  Time since last request: 13.183240 seconds.
  path: Assets/Prefabs/Seed1.prefab
  artifactKey: Guid(c913cf5259a42094882fce34f545de36) Importer(815301076,1909f56bfc062723c751e8b465ee728b)
Start importing Assets/Prefabs/Seed1.prefab using Guid(c913cf5259a42094882fce34f545de36) Importer(815301076,1909f56bfc062723c751e8b465ee728b)  -> (artifact id: '375187ab44f9f0e12a5a4e1881ed6525') in 0.010417 seconds
  Import took 0.013137 seconds .

========================================================================
Received Import Request.
  Time since last request: 0.005771 seconds.
  path: Assets/Prefabs/Seed1.prefab
  artifactKey: Guid(c913cf5259a42094882fce34f545de36) Importer(815301076,1909f56bfc062723c751e8b465ee728b)
Start importing Assets/Prefabs/Seed1.prefab using Guid(c913cf5259a42094882fce34f545de36) Importer(815301076,1909f56bfc062723c751e8b465ee728b)  -> (artifact id: '375187ab44f9f0e12a5a4e1881ed6525') in 0.012366 seconds
  Import took 0.014952 seconds .

========================================================================
Received Import Request.
  Time since last request: 5.040601 seconds.
  path: Assets/Prefabs/Seed2.prefab
  artifactKey: Guid(77d8b2a60e191a44a8c1da4b6a0cefca) Importer(815301076,1909f56bfc062723c751e8b465ee728b)
Start importing Assets/Prefabs/Seed2.prefab using Guid(77d8b2a60e191a44a8c1da4b6a0cefca) Importer(815301076,1909f56bfc062723c751e8b465ee728b)  -> (artifact id: 'bc1cafbd9555471d419c13d224e0485a') in 0.009494 seconds
  Import took 0.012325 seconds .

========================================================================
Received Import Request.
  Time since last request: 3.553102 seconds.
  path: Assets/Prefabs/Seed3.prefab
  artifactKey: Guid(b24b0408d9892d14bb0e433bfd88195c) Importer(815301076,1909f56bfc062723c751e8b465ee728b)
Start importing Assets/Prefabs/Seed3.prefab using Guid(b24b0408d9892d14bb0e433bfd88195c) Importer(815301076,1909f56bfc062723c751e8b465ee728b)  -> (artifact id: 'c3c69fd53abd67c88d51a19a17db5592') in 0.010055 seconds
  Import took 0.012742 seconds .

========================================================================
Received Import Request.
  Time since last request: 15.688448 seconds.
  path: Assets/Prefabs/Seed1.prefab
  artifactKey: Guid(c913cf5259a42094882fce34f545de36) Importer(815301076,1909f56bfc062723c751e8b465ee728b)
Start importing Assets/Prefabs/Seed1.prefab using Guid(c913cf5259a42094882fce34f545de36) Importer(815301076,1909f56bfc062723c751e8b465ee728b)  -> (artifact id: '420681928785d537564e948a344d59e4') in 0.009042 seconds
  Import took 0.011617 seconds .

========================================================================
Received Import Request.
  Time since last request: 2.696576 seconds.
  path: Assets/Prefabs/Seed1.prefab
  artifactKey: Guid(c913cf5259a42094882fce34f545de36) Importer(815301076,1909f56bfc062723c751e8b465ee728b)
Start importing Assets/Prefabs/Seed1.prefab using Guid(c913cf5259a42094882fce34f545de36) Importer(815301076,1909f56bfc062723c751e8b465ee728b)  -> (artifact id: '85bf98695cd45f5ca984440bec0d4288') in 0.008976 seconds
  Import took 0.011703 seconds .

========================================================================
Received Import Request.
  Time since last request: 3.892518 seconds.
  path: Assets/Prefabs/Seed1.prefab
  artifactKey: Guid(c913cf5259a42094882fce34f545de36) Importer(815301076,1909f56bfc062723c751e8b465ee728b)
Start importing Assets/Prefabs/Seed1.prefab using Guid(c913cf5259a42094882fce34f545de36) Importer(815301076,1909f56bfc062723c751e8b465ee728b)  -> (artifact id: 'd01822d4b736e7b1f88329e95d2b352f') in 0.009557 seconds
  Import took 0.012322 seconds .

========================================================================
Received Import Request.
  Time since last request: 6.063060 seconds.
  path: Assets/Prefabs/Seed2.prefab
  artifactKey: Guid(77d8b2a60e191a44a8c1da4b6a0cefca) Importer(815301076,1909f56bfc062723c751e8b465ee728b)
Start importing Assets/Prefabs/Seed2.prefab using Guid(77d8b2a60e191a44a8c1da4b6a0cefca) Importer(815301076,1909f56bfc062723c751e8b465ee728b)  -> (artifact id: 'c9336af8a4b7b83cb8ae4bb401f9905a') in 0.010853 seconds
  Import took 0.013759 seconds .

========================================================================
Received Import Request.
  Time since last request: 4.184160 seconds.
  path: Assets/Prefabs/Seed1.prefab
  artifactKey: Guid(c913cf5259a42094882fce34f545de36) Importer(815301076,1909f56bfc062723c751e8b465ee728b)
Start importing Assets/Prefabs/Seed1.prefab using Guid(c913cf5259a42094882fce34f545de36) Importer(815301076,1909f56bfc062723c751e8b465ee728b)  -> (artifact id: '39bc9db1d9503f9e90e25acd48ae9c2e') in 0.009915 seconds
  Import took 0.012486 seconds .

========================================================================
Received Import Request.
  Time since last request: 0.000813 seconds.
  path: Assets/Prefabs/Seed1.prefab
  artifactKey: Guid(c913cf5259a42094882fce34f545de36) Importer(815301076,1909f56bfc062723c751e8b465ee728b)
Start importing Assets/Prefabs/Seed1.prefab using Guid(c913cf5259a42094882fce34f545de36) Importer(815301076,1909f56bfc062723c751e8b465ee728b)  -> (artifact id: '39bc9db1d9503f9e90e25acd48ae9c2e') in 0.008621 seconds
  Import took 0.011214 seconds .

========================================================================
Received Import Request.
  Time since last request: 2.785900 seconds.
  path: Assets/Prefabs/Seed2.prefab
  artifactKey: Guid(77d8b2a60e191a44a8c1da4b6a0cefca) Importer(815301076,1909f56bfc062723c751e8b465ee728b)
Start importing Assets/Prefabs/Seed2.prefab using Guid(77d8b2a60e191a44a8c1da4b6a0cefca) Importer(815301076,1909f56bfc062723c751e8b465ee728b)  -> (artifact id: '2395144ba81c16a026372a1d33617603') in 0.009400 seconds
  Import took 0.012266 seconds .

========================================================================
Received Import Request.
  Time since last request: 5.315218 seconds.
  path: Assets/Prefabs/Seed2.prefab
  artifactKey: Guid(77d8b2a60e191a44a8c1da4b6a0cefca) Importer(815301076,1909f56bfc062723c751e8b465ee728b)
Start importing Assets/Prefabs/Seed2.prefab using Guid(77d8b2a60e191a44a8c1da4b6a0cefca) Importer(815301076,1909f56bfc062723c751e8b465ee728b)  -> (artifact id: '125efea416d55c1ea2ac21bc09bc96a5') in 0.009118 seconds
  Import took 0.011938 seconds .

========================================================================
Received Import Request.
  Time since last request: 8.227441 seconds.
  path: Assets/Prefabs/Seed2.prefab
  artifactKey: Guid(77d8b2a60e191a44a8c1da4b6a0cefca) Importer(815301076,1909f56bfc062723c751e8b465ee728b)
Start importing Assets/Prefabs/Seed2.prefab using Guid(77d8b2a60e191a44a8c1da4b6a0cefca) Importer(815301076,1909f56bfc062723c751e8b465ee728b)  -> (artifact id: 'd8ccde1f773b02386f98ad51623e0d68') in 0.009935 seconds
  Import took 0.012866 seconds .

========================================================================
Received Import Request.
  Time since last request: 5.730222 seconds.
  path: Assets/Prefabs/Seed3.prefab
  artifactKey: Guid(b24b0408d9892d14bb0e433bfd88195c) Importer(815301076,1909f56bfc062723c751e8b465ee728b)
Start importing Assets/Prefabs/Seed3.prefab using Guid(b24b0408d9892d14bb0e433bfd88195c) Importer(815301076,1909f56bfc062723c751e8b465ee728b)  -> (artifact id: '05df68dd26176d6caec1bcc880033d04') in 0.012302 seconds
  Import took 0.014972 seconds .

========================================================================
Received Import Request.
  Time since last request: 2.973399 seconds.
  path: Assets/Prefabs/Seed3.prefab
  artifactKey: Guid(b24b0408d9892d14bb0e433bfd88195c) Importer(815301076,1909f56bfc062723c751e8b465ee728b)
Start importing Assets/Prefabs/Seed3.prefab using Guid(b24b0408d9892d14bb0e433bfd88195c) Importer(815301076,1909f56bfc062723c751e8b465ee728b)  -> (artifact id: '4105b76e704fe354105ca19b6e3ac8b9') in 0.008681 seconds
  Import took 0.011409 seconds .

========================================================================
Received Import Request.
  Time since last request: 3.021036 seconds.
  path: Assets/Prefabs/Seed3.prefab
  artifactKey: Guid(b24b0408d9892d14bb0e433bfd88195c) Importer(815301076,1909f56bfc062723c751e8b465ee728b)
Start importing Assets/Prefabs/Seed3.prefab using Guid(b24b0408d9892d14bb0e433bfd88195c) Importer(815301076,1909f56bfc062723c751e8b465ee728b)  -> (artifact id: '9bd916c6328139cfd5a150bd7a2dbfd4') in 0.009450 seconds
  Import took 0.012512 seconds .

========================================================================
Received Import Request.
  Time since last request: 2.964315 seconds.
  path: Assets/Prefabs/Seed3.prefab
  artifactKey: Guid(b24b0408d9892d14bb0e433bfd88195c) Importer(815301076,1909f56bfc062723c751e8b465ee728b)
Start importing Assets/Prefabs/Seed3.prefab using Guid(b24b0408d9892d14bb0e433bfd88195c) Importer(815301076,1909f56bfc062723c751e8b465ee728b)  -> (artifact id: 'b06373541d1b228a24a678ce9bd20d94') in 0.009292 seconds
  Import took 0.012023 seconds .

========================================================================
Received Import Request.
  Time since last request: 13.396894 seconds.
  path: Assets/Prefabs/SeedShop1.prefab
  artifactKey: Guid(2d8db747c371bc14c8991b6d07d505ec) Importer(815301076,1909f56bfc062723c751e8b465ee728b)
Start importing Assets/Prefabs/SeedShop1.prefab using Guid(2d8db747c371bc14c8991b6d07d505ec) Importer(815301076,1909f56bfc062723c751e8b465ee728b)  -> (artifact id: 'a05b968352aa3070c1031ce20872c1d5') in 0.009706 seconds
  Import took 0.012369 seconds .

========================================================================
Received Import Request.
  Time since last request: 5.192379 seconds.
  path: Assets/Prefabs/SeedShop2.prefab
  artifactKey: Guid(8f8f2e6313ec9c64f90e00545b354ef0) Importer(815301076,1909f56bfc062723c751e8b465ee728b)
Start importing Assets/Prefabs/SeedShop2.prefab using Guid(8f8f2e6313ec9c64f90e00545b354ef0) Importer(815301076,1909f56bfc062723c751e8b465ee728b)  -> (artifact id: 'c16454cc2b3394510c5021312a9bd7bb') in 0.009521 seconds
  Import took 0.012300 seconds .

========================================================================
Received Import Request.
  Time since last request: 4.858657 seconds.
  path: Assets/Prefabs/SeedShop3.prefab
  artifactKey: Guid(554f7e3535fc3034bb4dfe5b8d8e084d) Importer(815301076,1909f56bfc062723c751e8b465ee728b)
Start importing Assets/Prefabs/SeedShop3.prefab using Guid(554f7e3535fc3034bb4dfe5b8d8e084d) Importer(815301076,1909f56bfc062723c751e8b465ee728b)  -> (artifact id: '395602510d595c1c99c269bcfa0fa917') in 0.009674 seconds
  Import took 0.012377 seconds .

========================================================================
Received Prepare
Registering precompiled user dll's ...
Registered in 0.000716 seconds.
Begin MonoManager ReloadAssembly
Native extension for WindowsStandalone target not found
Native extension for WebGL target not found
Refreshing native plugins compatible for Editor in 0.32 ms, found 1 plugins.
Preloading 0 native plugins for Editor in 0.00 ms.
Invoked RoslynAnalysisRunner static constructor.
RoslynAnalysisRunner will not be running.
RoslynAnalysisRunner has terminated.
Mono: successfully reloaded assembly
- Completed reload, in  0.567 seconds
Platform modules already initialized, skipping
Refreshing native plugins compatible for Editor in 0.30 ms, found 1 plugins.
Preloading 0 native plugins for Editor in 0.00 ms.
Unloading 1808 Unused Serialized files (Serialized files now loaded: 0)
System memory in use before: 88.1 MB.
System memory in use after: 88.1 MB.

Unloading 12 unused Assets to reduce memory usage. Loaded Objects now: 2288.
Total: 1.812300 ms (FindLiveObjects: 0.173200 ms CreateObjectMapping: 0.035100 ms MarkObjects: 1.495600 ms  DeleteObjects: 0.107400 ms)

========================================================================
Received Prepare
Registering precompiled user dll's ...
Registered in 0.000875 seconds.
Begin MonoManager ReloadAssembly
Native extension for WindowsStandalone target not found
Native extension for WebGL target not found
Refreshing native plugins compatible for Editor in 0.40 ms, found 1 plugins.
Preloading 0 native plugins for Editor in 0.00 ms.
Invoked RoslynAnalysisRunner static constructor.
RoslynAnalysisRunner will not be running.
RoslynAnalysisRunner has terminated.
Mono: successfully reloaded assembly
- Completed reload, in  0.637 seconds
Platform modules already initialized, skipping
Refreshing native plugins compatible for Editor in 0.30 ms, found 1 plugins.
Preloading 0 native plugins for Editor in 0.00 ms.
Unloading 1808 Unused Serialized files (Serialized files now loaded: 0)
System memory in use before: 88.1 MB.
System memory in use after: 88.1 MB.

Unloading 12 unused Assets to reduce memory usage. Loaded Objects now: 2292.
Total: 2.234000 ms (FindLiveObjects: 0.229800 ms CreateObjectMapping: 0.038900 ms MarkObjects: 1.853200 ms  DeleteObjects: 0.110500 ms)

========================================================================
Received Prepare
Registering precompiled user dll's ...
Registered in 0.000727 seconds.
Begin MonoManager ReloadAssembly
Native extension for WindowsStandalone target not found
Native extension for WebGL target not found
Refreshing native plugins compatible for Editor in 0.31 ms, found 1 plugins.
Preloading 0 native plugins for Editor in 0.00 ms.
Invoked RoslynAnalysisRunner static constructor.
RoslynAnalysisRunner will not be running.
RoslynAnalysisRunner has terminated.
Mono: successfully reloaded assembly
- Completed reload, in  0.631 seconds
Platform modules already initialized, skipping
Refreshing native plugins compatible for Editor in 0.28 ms, found 1 plugins.
Preloading 0 native plugins for Editor in 0.00 ms.
Unloading 1808 Unused Serialized files (Serialized files now loaded: 0)
System memory in use before: 88.1 MB.
System memory in use after: 88.1 MB.

Unloading 12 unused Assets to reduce memory usage. Loaded Objects now: 2296.
Total: 2.572400 ms (FindLiveObjects: 0.261500 ms CreateObjectMapping: 0.075800 ms MarkObjects: 2.078100 ms  DeleteObjects: 0.155200 ms)

========================================================================
Received Prepare
Registering precompiled user dll's ...
Registered in 0.000770 seconds.
Begin MonoManager ReloadAssembly
Native extension for WindowsStandalone target not found
Native extension for WebGL target not found
Refreshing native plugins compatible for Editor in 0.41 ms, found 1 plugins.
Preloading 0 native plugins for Editor in 0.00 ms.
Invoked RoslynAnalysisRunner static constructor.
RoslynAnalysisRunner will not be running.
RoslynAnalysisRunner has terminated.
Mono: successfully reloaded assembly
- Completed reload, in  0.620 seconds
Platform modules already initialized, skipping
Refreshing native plugins compatible for Editor in 0.28 ms, found 1 plugins.
Preloading 0 native plugins for Editor in 0.00 ms.
Unloading 1808 Unused Serialized files (Serialized files now loaded: 0)
System memory in use before: 88.1 MB.
System memory in use after: 88.1 MB.

Unloading 12 unused Assets to reduce memory usage. Loaded Objects now: 2300.
Total: 2.032600 ms (FindLiveObjects: 0.256000 ms CreateObjectMapping: 0.117700 ms MarkObjects: 1.520200 ms  DeleteObjects: 0.137600 ms)

========================================================================
Received Prepare
Registering precompiled user dll's ...
Registered in 0.000715 seconds.
Begin MonoManager ReloadAssembly
Native extension for WindowsStandalone target not found
Native extension for WebGL target not found
Refreshing native plugins compatible for Editor in 0.36 ms, found 1 plugins.
Preloading 0 native plugins for Editor in 0.00 ms.
Invoked RoslynAnalysisRunner static constructor.
RoslynAnalysisRunner will not be running.
RoslynAnalysisRunner has terminated.
Mono: successfully reloaded assembly
- Completed reload, in  0.582 seconds
Platform modules already initialized, skipping
Refreshing native plugins compatible for Editor in 0.32 ms, found 1 plugins.
Preloading 0 native plugins for Editor in 0.00 ms.
Unloading 1808 Unused Serialized files (Serialized files now loaded: 0)
System memory in use before: 88.1 MB.
System memory in use after: 88.1 MB.

Unloading 12 unused Assets to reduce memory usage. Loaded Objects now: 2304.
Total: 1.935400 ms (FindLiveObjects: 0.166800 ms CreateObjectMapping: 0.037600 ms MarkObjects: 1.598600 ms  DeleteObjects: 0.131100 ms)

========================================================================
Received Import Request.
  Time since last request: 1380.819900 seconds.
  path: Assets/Prefabs/InsecticideBuyer.prefab
  artifactKey: Guid(264497fc084af3d42a19e0edab1f519f) Importer(815301076,1909f56bfc062723c751e8b465ee728b)
Start importing Assets/Prefabs/InsecticideBuyer.prefab using Guid(264497fc084af3d42a19e0edab1f519f) Importer(815301076,1909f56bfc062723c751e8b465ee728b)  -> (artifact id: '486c0c9b248ab1485756117be875062f') in 0.057308 seconds
  Import took 0.060494 seconds .

========================================================================
Received Import Request.
  Time since last request: 3.381610 seconds.
  path: Assets/Prefabs/ProtainBuyer.prefab
  artifactKey: Guid(0bb912831cd892b49965c9f6257aef24) Importer(815301076,1909f56bfc062723c751e8b465ee728b)
Start importing Assets/Prefabs/ProtainBuyer.prefab using Guid(0bb912831cd892b49965c9f6257aef24) Importer(815301076,1909f56bfc062723c751e8b465ee728b)  -> (artifact id: '7fb551b27205ec61c554c39522349318') in 0.010455 seconds
  Import took 0.013128 seconds .

========================================================================
Received Import Request.
  Time since last request: 16.173749 seconds.
  path: Assets/Prefabs/SeedShop1.prefab
  artifactKey: Guid(2d8db747c371bc14c8991b6d07d505ec) Importer(815301076,1909f56bfc062723c751e8b465ee728b)
Start importing Assets/Prefabs/SeedShop1.prefab using Guid(2d8db747c371bc14c8991b6d07d505ec) Importer(815301076,1909f56bfc062723c751e8b465ee728b)  -> (artifact id: '238469fa10f82ad5884bb4e430b23586') in 0.009063 seconds
  Import took 0.011788 seconds .

========================================================================
Received Import Request.
  Time since last request: 13.224482 seconds.
  path: Assets/Prefabs/InsecticideBuyer.prefab
  artifactKey: Guid(264497fc084af3d42a19e0edab1f519f) Importer(815301076,1909f56bfc062723c751e8b465ee728b)
Start importing Assets/Prefabs/InsecticideBuyer.prefab using Guid(264497fc084af3d42a19e0edab1f519f) Importer(815301076,1909f56bfc062723c751e8b465ee728b)  -> (artifact id: '4f266a07069bdec33be6fcfe806533ff') in 0.009876 seconds
  Import took 0.012766 seconds .

========================================================================
Received Import Request.
  Time since last request: 1.577084 seconds.
  path: Assets/Prefabs/InsecticideBuyer.prefab
  artifactKey: Guid(264497fc084af3d42a19e0edab1f519f) Importer(815301076,1909f56bfc062723c751e8b465ee728b)
Start importing Assets/Prefabs/InsecticideBuyer.prefab using Guid(264497fc084af3d42a19e0edab1f519f) Importer(815301076,1909f56bfc062723c751e8b465ee728b)  -> (artifact id: '7fbdc066bf8785c56988415e686368d2') in 0.010304 seconds
  Import took 0.013253 seconds .

========================================================================
Received Import Request.
  Time since last request: 0.007240 seconds.
  path: Assets/Prefabs/InsecticideBuyer.prefab
  artifactKey: Guid(264497fc084af3d42a19e0edab1f519f) Importer(815301076,1909f56bfc062723c751e8b465ee728b)
Start importing Assets/Prefabs/InsecticideBuyer.prefab using Guid(264497fc084af3d42a19e0edab1f519f) Importer(815301076,1909f56bfc062723c751e8b465ee728b)  -> (artifact id: '7fbdc066bf8785c56988415e686368d2') in 0.008801 seconds
  Import took 0.011363 seconds .

========================================================================
Received Import Request.
  Time since last request: 3.664161 seconds.
  path: Assets/Prefabs/InsecticideBuyer.prefab
  artifactKey: Guid(264497fc084af3d42a19e0edab1f519f) Importer(815301076,1909f56bfc062723c751e8b465ee728b)
Start importing Assets/Prefabs/InsecticideBuyer.prefab using Guid(264497fc084af3d42a19e0edab1f519f) Importer(815301076,1909f56bfc062723c751e8b465ee728b)  -> (artifact id: 'd87fa11be1c2e5073a4469f8bb9d0279') in 0.008677 seconds
  Import took 0.011727 seconds .

========================================================================
Received Import Request.
  Time since last request: 0.008092 seconds.
  path: Assets/Prefabs/InsecticideBuyer.prefab
  artifactKey: Guid(264497fc084af3d42a19e0edab1f519f) Importer(815301076,1909f56bfc062723c751e8b465ee728b)
Start importing Assets/Prefabs/InsecticideBuyer.prefab using Guid(264497fc084af3d42a19e0edab1f519f) Importer(815301076,1909f56bfc062723c751e8b465ee728b)  -> (artifact id: 'd87fa11be1c2e5073a4469f8bb9d0279') in 0.009158 seconds
  Import took 0.011952 seconds .

========================================================================
Received Import Request.
  Time since last request: 12.789207 seconds.
  path: Assets/Prefabs/ProtainBuyer.prefab
  artifactKey: Guid(0bb912831cd892b49965c9f6257aef24) Importer(815301076,1909f56bfc062723c751e8b465ee728b)
Start importing Assets/Prefabs/ProtainBuyer.prefab using Guid(0bb912831cd892b49965c9f6257aef24) Importer(815301076,1909f56bfc062723c751e8b465ee728b)  -> (artifact id: 'daa0eb3d2aabf608ae8256ce878e1bcf') in 0.009696 seconds
  Import took 0.012380 seconds .

========================================================================
Received Import Request.
  Time since last request: 27.081283 seconds.
  path: Assets/Prefabs/InsecticideBuyer.prefab
  artifactKey: Guid(264497fc084af3d42a19e0edab1f519f) Importer(815301076,1909f56bfc062723c751e8b465ee728b)
Start importing Assets/Prefabs/InsecticideBuyer.prefab using Guid(264497fc084af3d42a19e0edab1f519f) Importer(815301076,1909f56bfc062723c751e8b465ee728b)  -> (artifact id: 'e5a6f7b653336bd2c92b55db5d577392') in 0.008906 seconds
  Import took 0.011656 seconds .

========================================================================
Received Import Request.
  Time since last request: 7.575933 seconds.
  path: Assets/Prefabs/InsecticideBuyer.prefab
  artifactKey: Guid(264497fc084af3d42a19e0edab1f519f) Importer(815301076,1909f56bfc062723c751e8b465ee728b)
Start importing Assets/Prefabs/InsecticideBuyer.prefab using Guid(264497fc084af3d42a19e0edab1f519f) Importer(815301076,1909f56bfc062723c751e8b465ee728b)  -> (artifact id: '34ff9526804970e6036b3806bf0a2557') in 0.009330 seconds
  Import took 0.011919 seconds .

========================================================================
Received Prepare
Registering precompiled user dll's ...
Registered in 0.000809 seconds.
Begin MonoManager ReloadAssembly
Native extension for WindowsStandalone target not found
Native extension for WebGL target not found
Refreshing native plugins compatible for Editor in 0.45 ms, found 1 plugins.
Preloading 0 native plugins for Editor in 0.00 ms.
Invoked RoslynAnalysisRunner static constructor.
RoslynAnalysisRunner will not be running.
RoslynAnalysisRunner has terminated.
Mono: successfully reloaded assembly
- Completed reload, in  0.655 seconds
Platform modules already initialized, skipping
Refreshing native plugins compatible for Editor in 0.32 ms, found 1 plugins.
Preloading 0 native plugins for Editor in 0.00 ms.
Unloading 1808 Unused Serialized files (Serialized files now loaded: 0)
System memory in use before: 88.1 MB.
System memory in use after: 88.1 MB.

Unloading 12 unused Assets to reduce memory usage. Loaded Objects now: 2309.
Total: 5.506800 ms (FindLiveObjects: 0.485900 ms CreateObjectMapping: 0.164400 ms MarkObjects: 4.571000 ms  DeleteObjects: 0.281800 ms)

========================================================================
Received Prepare
Registering precompiled user dll's ...
Registered in 0.000766 seconds.
Begin MonoManager ReloadAssembly
Native extension for WindowsStandalone target not found
Native extension for WebGL target not found
Refreshing native plugins compatible for Editor in 0.31 ms, found 1 plugins.
Preloading 0 native plugins for Editor in 0.00 ms.
Invoked RoslynAnalysisRunner static constructor.
RoslynAnalysisRunner will not be running.
RoslynAnalysisRunner has terminated.
Mono: successfully reloaded assembly
- Completed reload, in  0.554 seconds
Platform modules already initialized, skipping
Refreshing native plugins compatible for Editor in 0.30 ms, found 1 plugins.
Preloading 0 native plugins for Editor in 0.00 ms.
Unloading 1808 Unused Serialized files (Serialized files now loaded: 0)
System memory in use before: 88.1 MB.
System memory in use after: 88.1 MB.

Unloading 12 unused Assets to reduce memory usage. Loaded Objects now: 2313.
Total: 1.669600 ms (FindLiveObjects: 0.135800 ms CreateObjectMapping: 0.028900 ms MarkObjects: 1.394700 ms  DeleteObjects: 0.109100 ms)

========================================================================
Received Prepare
Registering precompiled user dll's ...
Registered in 0.000635 seconds.
Begin MonoManager ReloadAssembly
Native extension for WindowsStandalone target not found
Native extension for WebGL target not found
Refreshing native plugins compatible for Editor in 0.30 ms, found 1 plugins.
Preloading 0 native plugins for Editor in 0.00 ms.
Invoked RoslynAnalysisRunner static constructor.
RoslynAnalysisRunner will not be running.
RoslynAnalysisRunner has terminated.
Mono: successfully reloaded assembly
- Completed reload, in  0.578 seconds
Platform modules already initialized, skipping
Refreshing native plugins compatible for Editor in 0.44 ms, found 1 plugins.
Preloading 0 native plugins for Editor in 0.00 ms.
Unloading 1808 Unused Serialized files (Serialized files now loaded: 0)
System memory in use before: 88.1 MB.
System memory in use after: 88.1 MB.

Unloading 12 unused Assets to reduce memory usage. Loaded Objects now: 2317.
Total: 2.428100 ms (FindLiveObjects: 0.243800 ms CreateObjectMapping: 0.043700 ms MarkObjects: 1.986800 ms  DeleteObjects: 0.152200 ms)

========================================================================
Received Prepare
Registering precompiled user dll's ...
Registered in 0.000650 seconds.
Begin MonoManager ReloadAssembly
Native extension for WindowsStandalone target not found
Native extension for WebGL target not found
Refreshing native plugins compatible for Editor in 0.31 ms, found 1 plugins.
Preloading 0 native plugins for Editor in 0.00 ms.
Invoked RoslynAnalysisRunner static constructor.
RoslynAnalysisRunner will not be running.
RoslynAnalysisRunner has terminated.
Mono: successfully reloaded assembly
- Completed reload, in  0.551 seconds
Platform modules already initialized, skipping
Refreshing native plugins compatible for Editor in 0.30 ms, found 1 plugins.
Preloading 0 native plugins for Editor in 0.00 ms.
Unloading 1808 Unused Serialized files (Serialized files now loaded: 0)
System memory in use before: 88.2 MB.
System memory in use after: 88.2 MB.

Unloading 12 unused Assets to reduce memory usage. Loaded Objects now: 2321.
Total: 2.163700 ms (FindLiveObjects: 0.180600 ms CreateObjectMapping: 0.037500 ms MarkObjects: 1.799800 ms  DeleteObjects: 0.144900 ms)

========================================================================
Received Prepare
Registering precompiled user dll's ...
Registered in 0.000675 seconds.
Begin MonoManager ReloadAssembly
Native extension for WindowsStandalone target not found
Native extension for WebGL target not found
Refreshing native plugins compatible for Editor in 0.53 ms, found 1 plugins.
Preloading 0 native plugins for Editor in 0.00 ms.
Invoked RoslynAnalysisRunner static constructor.
RoslynAnalysisRunner will not be running.
RoslynAnalysisRunner has terminated.
Mono: successfully reloaded assembly
- Completed reload, in  0.682 seconds
Platform modules already initialized, skipping
Refreshing native plugins compatible for Editor in 0.29 ms, found 1 plugins.
Preloading 0 native plugins for Editor in 0.00 ms.
Unloading 1808 Unused Serialized files (Serialized files now loaded: 0)
System memory in use before: 88.2 MB.
System memory in use after: 88.2 MB.

Unloading 12 unused Assets to reduce memory usage. Loaded Objects now: 2325.
Total: 1.699700 ms (FindLiveObjects: 0.178500 ms CreateObjectMapping: 0.034500 ms MarkObjects: 1.391000 ms  DeleteObjects: 0.094700 ms)

========================================================================
Received Import Request.
  Time since last request: 1072.850479 seconds.
  path: Assets/Scripts/SeedShop.cs
  artifactKey: Guid(2576f85b9cf94f34fa3513a7a4ec2027) Importer(815301076,1909f56bfc062723c751e8b465ee728b)
Start importing Assets/Scripts/SeedShop.cs using Guid(2576f85b9cf94f34fa3513a7a4ec2027) Importer(815301076,1909f56bfc062723c751e8b465ee728b)  -> (artifact id: '7e8a046ad8a06cef414bf82271e214a6') in 0.007497 seconds
  Import took 0.010903 seconds .

========================================================================
Received Prepare
Registering precompiled user dll's ...
Registered in 0.001163 seconds.
Begin MonoManager ReloadAssembly
Native extension for WindowsStandalone target not found
Native extension for WebGL target not found
Refreshing native plugins compatible for Editor in 0.31 ms, found 1 plugins.
Preloading 0 native plugins for Editor in 0.00 ms.
Invoked RoslynAnalysisRunner static constructor.
RoslynAnalysisRunner will not be running.
RoslynAnalysisRunner has terminated.
Mono: successfully reloaded assembly
- Completed reload, in  0.583 seconds
Platform modules already initialized, skipping
Refreshing native plugins compatible for Editor in 0.30 ms, found 1 plugins.
Preloading 0 native plugins for Editor in 0.00 ms.
Unloading 1809 Unused Serialized files (Serialized files now loaded: 0)
System memory in use before: 88.2 MB.
System memory in use after: 88.2 MB.

Unloading 12 unused Assets to reduce memory usage. Loaded Objects now: 2330.
Total: 2.173200 ms (FindLiveObjects: 0.332600 ms CreateObjectMapping: 0.042400 ms MarkObjects: 1.675300 ms  DeleteObjects: 0.121500 ms)

========================================================================
Received Prepare
Registering precompiled user dll's ...
Registered in 0.000840 seconds.
Begin MonoManager ReloadAssembly
Native extension for WindowsStandalone target not found
Native extension for WebGL target not found
Refreshing native plugins compatible for Editor in 0.34 ms, found 1 plugins.
Preloading 0 native plugins for Editor in 0.00 ms.
Invoked RoslynAnalysisRunner static constructor.
RoslynAnalysisRunner will not be running.
RoslynAnalysisRunner has terminated.
Mono: successfully reloaded assembly
- Completed reload, in  0.579 seconds
Platform modules already initialized, skipping
Refreshing native plugins compatible for Editor in 0.33 ms, found 1 plugins.
Preloading 0 native plugins for Editor in 0.00 ms.
Unloading 1809 Unused Serialized files (Serialized files now loaded: 0)
System memory in use before: 88.2 MB.
System memory in use after: 88.2 MB.

Unloading 12 unused Assets to reduce memory usage. Loaded Objects now: 2334.
Total: 1.807900 ms (FindLiveObjects: 0.151400 ms CreateObjectMapping: 0.032800 ms MarkObjects: 1.526500 ms  DeleteObjects: 0.096100 ms)

========================================================================
Received Import Request.
  Time since last request: 28.359562 seconds.
  path: Assets/Scripts/SeedShop.cs
  artifactKey: Guid(2576f85b9cf94f34fa3513a7a4ec2027) Importer(815301076,1909f56bfc062723c751e8b465ee728b)
Start importing Assets/Scripts/SeedShop.cs using Guid(2576f85b9cf94f34fa3513a7a4ec2027) Importer(815301076,1909f56bfc062723c751e8b465ee728b)  -> (artifact id: '048a3e9ace6eb71361637fcf6a0aa5cd') in 0.005623 seconds
  Import took 0.008911 seconds .

========================================================================
Received Import Request.
  Time since last request: 50.662219 seconds.
  path: Assets/Scripts/SeedManager.cs
  artifactKey: Guid(010b70ce146995149aeeaae20f726c69) Importer(815301076,1909f56bfc062723c751e8b465ee728b)
Start importing Assets/Scripts/SeedManager.cs using Guid(010b70ce146995149aeeaae20f726c69) Importer(815301076,1909f56bfc062723c751e8b465ee728b)  -> (artifact id: '4a7a791f8d49c665ff5af953bbf17aa3') in 0.003920 seconds
  Import took 0.006651 seconds .

========================================================================
Received Prepare
Registering precompiled user dll's ...
Registered in 0.000696 seconds.
Begin MonoManager ReloadAssembly
Native extension for WindowsStandalone target not found
Native extension for WebGL target not found
Refreshing native plugins compatible for Editor in 0.36 ms, found 1 plugins.
Preloading 0 native plugins for Editor in 0.00 ms.
Invoked RoslynAnalysisRunner static constructor.
RoslynAnalysisRunner will not be running.
RoslynAnalysisRunner has terminated.
Mono: successfully reloaded assembly
- Completed reload, in  0.532 seconds
Platform modules already initialized, skipping
Refreshing native plugins compatible for Editor in 0.30 ms, found 1 plugins.
Preloading 0 native plugins for Editor in 0.00 ms.
Unloading 1809 Unused Serialized files (Serialized files now loaded: 0)
System memory in use before: 88.2 MB.
System memory in use after: 88.2 MB.

Unloading 12 unused Assets to reduce memory usage. Loaded Objects now: 2338.
Total: 1.807600 ms (FindLiveObjects: 0.266300 ms CreateObjectMapping: 0.054000 ms MarkObjects: 1.379700 ms  DeleteObjects: 0.106700 ms)

========================================================================
Received Import Request.
  Time since last request: 27.547644 seconds.
  path: Assets/Prefabs/SeedShop1.prefab
  artifactKey: Guid(2d8db747c371bc14c8991b6d07d505ec) Importer(815301076,1909f56bfc062723c751e8b465ee728b)
Start importing Assets/Prefabs/SeedShop1.prefab using Guid(2d8db747c371bc14c8991b6d07d505ec) Importer(815301076,1909f56bfc062723c751e8b465ee728b)  -> (artifact id: '410aecf40eab1c7680b9f263ff7e7770') in 0.040042 seconds
  Import took 0.042561 seconds .

========================================================================
Received Prepare
Registering precompiled user dll's ...
Registered in 0.000653 seconds.
Begin MonoManager ReloadAssembly
Native extension for WindowsStandalone target not found
Native extension for WebGL target not found
Refreshing native plugins compatible for Editor in 0.31 ms, found 1 plugins.
Preloading 0 native plugins for Editor in 0.00 ms.
Invoked RoslynAnalysisRunner static constructor.
RoslynAnalysisRunner will not be running.
RoslynAnalysisRunner has terminated.
Mono: successfully reloaded assembly
- Completed reload, in  0.593 seconds
Platform modules already initialized, skipping
Refreshing native plugins compatible for Editor in 0.28 ms, found 1 plugins.
Preloading 0 native plugins for Editor in 0.00 ms.
Unloading 1809 Unused Serialized files (Serialized files now loaded: 0)
System memory in use before: 88.2 MB.
System memory in use after: 88.2 MB.

Unloading 12 unused Assets to reduce memory usage. Loaded Objects now: 2343.
Total: 2.746200 ms (FindLiveObjects: 0.168400 ms CreateObjectMapping: 0.030500 ms MarkObjects: 2.376200 ms  DeleteObjects: 0.169400 ms)

========================================================================
Received Import Request.
  Time since last request: 25.608511 seconds.
  path: Assets/Scripts/SeedShop.cs
  artifactKey: Guid(2576f85b9cf94f34fa3513a7a4ec2027) Importer(815301076,1909f56bfc062723c751e8b465ee728b)
Start importing Assets/Scripts/SeedShop.cs using Guid(2576f85b9cf94f34fa3513a7a4ec2027) Importer(815301076,1909f56bfc062723c751e8b465ee728b)  -> (artifact id: '531a08bda78eb797ddf1f7cdeb52622d') in 0.005847 seconds
  Import took 0.008417 seconds .

========================================================================
Received Import Request.
  Time since last request: 0.000509 seconds.
  path: Assets/Scripts/SeedShop.cs
  artifactKey: Guid(2576f85b9cf94f34fa3513a7a4ec2027) Importer(815301076,1909f56bfc062723c751e8b465ee728b)
Start importing Assets/Scripts/SeedShop.cs using Guid(2576f85b9cf94f34fa3513a7a4ec2027) Importer(815301076,1909f56bfc062723c751e8b465ee728b)  -> (artifact id: '531a08bda78eb797ddf1f7cdeb52622d') in 0.002701 seconds
  Import took 0.005266 seconds .

========================================================================
Received Import Request.
  Time since last request: 5.956825 seconds.
  path: Assets/Scripts/Shop.cs
  artifactKey: Guid(2576f85b9cf94f34fa3513a7a4ec2027) Importer(815301076,1909f56bfc062723c751e8b465ee728b)
Start importing Assets/Scripts/Shop.cs using Guid(2576f85b9cf94f34fa3513a7a4ec2027) Importer(815301076,1909f56bfc062723c751e8b465ee728b)  -> (artifact id: '8d7dcf3834c3a163f97d36e947fcf401') in 0.003493 seconds
  Import took 0.006592 seconds .

========================================================================
Received Import Request.
  Time since last request: 0.005430 seconds.
  path: Assets/Scripts/Shop.cs
  artifactKey: Guid(2576f85b9cf94f34fa3513a7a4ec2027) Importer(815301076,1909f56bfc062723c751e8b465ee728b)
Start importing Assets/Scripts/Shop.cs using Guid(2576f85b9cf94f34fa3513a7a4ec2027) Importer(815301076,1909f56bfc062723c751e8b465ee728b)  -> (artifact id: '8d7dcf3834c3a163f97d36e947fcf401') in 0.002713 seconds
  Import took 0.005202 seconds .

========================================================================
Received Prepare
Registering precompiled user dll's ...
Registered in 0.000608 seconds.
Begin MonoManager ReloadAssembly
Native extension for WindowsStandalone target not found
Native extension for WebGL target not found
Refreshing native plugins compatible for Editor in 0.36 ms, found 1 plugins.
Preloading 0 native plugins for Editor in 0.00 ms.
Invoked RoslynAnalysisRunner static constructor.
RoslynAnalysisRunner will not be running.
RoslynAnalysisRunner has terminated.
Mono: successfully reloaded assembly
- Completed reload, in  0.577 seconds
Platform modules already initialized, skipping
Refreshing native plugins compatible for Editor in 0.31 ms, found 1 plugins.
Preloading 0 native plugins for Editor in 0.00 ms.
Unloading 1809 Unused Serialized files (Serialized files now loaded: 0)
System memory in use before: 88.2 MB.
System memory in use after: 88.2 MB.

Unloading 12 unused Assets to reduce memory usage. Loaded Objects now: 2347.
Total: 1.581800 ms (FindLiveObjects: 0.218200 ms CreateObjectMapping: 0.029900 ms MarkObjects: 1.229600 ms  DeleteObjects: 0.103100 ms)

========================================================================
Received Import Request.
  Time since last request: 9.900119 seconds.
  path: Assets/Prefabs/SeedShop1.prefab
  artifactKey: Guid(2d8db747c371bc14c8991b6d07d505ec) Importer(815301076,1909f56bfc062723c751e8b465ee728b)
Start importing Assets/Prefabs/SeedShop1.prefab using Guid(2d8db747c371bc14c8991b6d07d505ec) Importer(815301076,1909f56bfc062723c751e8b465ee728b)  -> (artifact id: '9c97ee09550c8b2bc6602db17aab1ac0') in 0.044306 seconds
  Import took 0.046997 seconds .

========================================================================
Received Import Request.
  Time since last request: 4.683418 seconds.
  path: Assets/Prefabs/SeedShop1.prefab
  artifactKey: Guid(2d8db747c371bc14c8991b6d07d505ec) Importer(815301076,1909f56bfc062723c751e8b465ee728b)
Start importing Assets/Prefabs/SeedShop1.prefab using Guid(2d8db747c371bc14c8991b6d07d505ec) Importer(815301076,1909f56bfc062723c751e8b465ee728b)  -> (artifact id: '0359d79f4e0c3fba03654cba1fd4547d') in 0.012978 seconds
  Import took 0.015529 seconds .

========================================================================
Received Prepare
Registering precompiled user dll's ...
Registered in 0.003601 seconds.
Begin MonoManager ReloadAssembly
Native extension for WindowsStandalone target not found
Native extension for WebGL target not found
Refreshing native plugins compatible for Editor in 0.33 ms, found 1 plugins.
Preloading 0 native plugins for Editor in 0.00 ms.
Invoked RoslynAnalysisRunner static constructor.
RoslynAnalysisRunner will not be running.
RoslynAnalysisRunner has terminated.
Mono: successfully reloaded assembly
- Completed reload, in  1.083 seconds
Platform modules already initialized, skipping
Refreshing native plugins compatible for Editor in 0.47 ms, found 1 plugins.
Preloading 0 native plugins for Editor in 0.00 ms.
Unloading 1809 Unused Serialized files (Serialized files now loaded: 0)
System memory in use before: 88.2 MB.
System memory in use after: 88.2 MB.

Unloading 12 unused Assets to reduce memory usage. Loaded Objects now: 2352.
Total: 1.700400 ms (FindLiveObjects: 0.166200 ms CreateObjectMapping: 0.031400 ms MarkObjects: 1.377000 ms  DeleteObjects: 0.117000 ms)

========================================================================
Received Prepare
Registering precompiled user dll's ...
Registered in 0.000706 seconds.
Begin MonoManager ReloadAssembly
Native extension for WindowsStandalone target not found
Native extension for WebGL target not found
Refreshing native plugins compatible for Editor in 0.33 ms, found 1 plugins.
Preloading 0 native plugins for Editor in 0.00 ms.
Invoked RoslynAnalysisRunner static constructor.
RoslynAnalysisRunner will not be running.
RoslynAnalysisRunner has terminated.
Mono: successfully reloaded assembly
- Completed reload, in  0.655 seconds
Platform modules already initialized, skipping
Refreshing native plugins compatible for Editor in 0.30 ms, found 1 plugins.
Preloading 0 native plugins for Editor in 0.00 ms.
Unloading 1809 Unused Serialized files (Serialized files now loaded: 0)
System memory in use before: 88.3 MB.
System memory in use after: 88.2 MB.

Unloading 12 unused Assets to reduce memory usage. Loaded Objects now: 2356.
Total: 1.995300 ms (FindLiveObjects: 0.205100 ms CreateObjectMapping: 0.034000 ms MarkObjects: 1.650600 ms  DeleteObjects: 0.104200 ms)

========================================================================
Received Prepare
Registering precompiled user dll's ...
Registered in 0.000562 seconds.
Begin MonoManager ReloadAssembly
Native extension for WindowsStandalone target not found
Native extension for WebGL target not found
Refreshing native plugins compatible for Editor in 0.31 ms, found 1 plugins.
Preloading 0 native plugins for Editor in 0.00 ms.
Invoked RoslynAnalysisRunner static constructor.
RoslynAnalysisRunner will not be running.
RoslynAnalysisRunner has terminated.
Mono: successfully reloaded assembly
- Completed reload, in  0.541 seconds
Platform modules already initialized, skipping
Refreshing native plugins compatible for Editor in 0.28 ms, found 1 plugins.
Preloading 0 native plugins for Editor in 0.00 ms.
Unloading 1809 Unused Serialized files (Serialized files now loaded: 0)
System memory in use before: 88.3 MB.
System memory in use after: 88.3 MB.

Unloading 12 unused Assets to reduce memory usage. Loaded Objects now: 2360.
Total: 1.718600 ms (FindLiveObjects: 0.165700 ms CreateObjectMapping: 0.029400 ms MarkObjects: 1.414900 ms  DeleteObjects: 0.107800 ms)

========================================================================
Received Prepare
Registering precompiled user dll's ...
Registered in 0.000741 seconds.
Begin MonoManager ReloadAssembly
Native extension for WindowsStandalone target not found
Native extension for WebGL target not found
Refreshing native plugins compatible for Editor in 0.33 ms, found 1 plugins.
Preloading 0 native plugins for Editor in 0.00 ms.
Invoked RoslynAnalysisRunner static constructor.
RoslynAnalysisRunner will not be running.
RoslynAnalysisRunner has terminated.
Mono: successfully reloaded assembly
- Completed reload, in  0.562 seconds
Platform modules already initialized, skipping
Refreshing native plugins compatible for Editor in 0.32 ms, found 1 plugins.
Preloading 0 native plugins for Editor in 0.00 ms.
Unloading 1809 Unused Serialized files (Serialized files now loaded: 0)
System memory in use before: 88.3 MB.
System memory in use after: 88.3 MB.

Unloading 12 unused Assets to reduce memory usage. Loaded Objects now: 2364.
Total: 1.932600 ms (FindLiveObjects: 0.256500 ms CreateObjectMapping: 0.060300 ms MarkObjects: 1.505200 ms  DeleteObjects: 0.108600 ms)

========================================================================
Received Prepare
Registering precompiled user dll's ...
Registered in 0.000750 seconds.
Begin MonoManager ReloadAssembly
Native extension for WindowsStandalone target not found
Native extension for WebGL target not found
Refreshing native plugins compatible for Editor in 0.46 ms, found 1 plugins.
Preloading 0 native plugins for Editor in 0.00 ms.
Invoked RoslynAnalysisRunner static constructor.
RoslynAnalysisRunner will not be running.
RoslynAnalysisRunner has terminated.
Mono: successfully reloaded assembly
- Completed reload, in  0.713 seconds
Platform modules already initialized, skipping
Refreshing native plugins compatible for Editor in 0.29 ms, found 1 plugins.
Preloading 0 native plugins for Editor in 0.00 ms.
Unloading 1809 Unused Serialized files (Serialized files now loaded: 0)
System memory in use before: 88.3 MB.
System memory in use after: 88.3 MB.

Unloading 12 unused Assets to reduce memory usage. Loaded Objects now: 2368.
Total: 3.954600 ms (FindLiveObjects: 0.235000 ms CreateObjectMapping: 0.081700 ms MarkObjects: 3.378700 ms  DeleteObjects: 0.257100 ms)

========================================================================
Received Prepare
Registering precompiled user dll's ...
Registered in 0.000762 seconds.
Begin MonoManager ReloadAssembly
Native extension for WindowsStandalone target not found
Native extension for WebGL target not found
Refreshing native plugins compatible for Editor in 0.30 ms, found 1 plugins.
Preloading 0 native plugins for Editor in 0.00 ms.
Invoked RoslynAnalysisRunner static constructor.
RoslynAnalysisRunner will not be running.
RoslynAnalysisRunner has terminated.
Mono: successfully reloaded assembly
- Completed reload, in  0.569 seconds
Platform modules already initialized, skipping
Refreshing native plugins compatible for Editor in 0.30 ms, found 1 plugins.
Preloading 0 native plugins for Editor in 0.00 ms.
Unloading 1809 Unused Serialized files (Serialized files now loaded: 0)
System memory in use before: 88.3 MB.
System memory in use after: 88.3 MB.

Unloading 12 unused Assets to reduce memory usage. Loaded Objects now: 2372.
Total: 5.918600 ms (FindLiveObjects: 0.630600 ms CreateObjectMapping: 0.228800 ms MarkObjects: 4.889000 ms  DeleteObjects: 0.157300 ms)

========================================================================
Received Import Request.
  Time since last request: 6328.010557 seconds.
  path: Assets/Scripts/GameManager.cs
  artifactKey: Guid(f63c1b1ccb8dcd149a35203da66b885f) Importer(815301076,1909f56bfc062723c751e8b465ee728b)
Start importing Assets/Scripts/GameManager.cs using Guid(f63c1b1ccb8dcd149a35203da66b885f) Importer(815301076,1909f56bfc062723c751e8b465ee728b)  -> (artifact id: 'b6d36817c23df0b6166b70c1c583083f') in 0.006956 seconds
  Import took 0.010423 seconds .

========================================================================
Received Import Request.
  Time since last request: 0.000465 seconds.
  path: Assets/Scripts/GameManager.cs
  artifactKey: Guid(f63c1b1ccb8dcd149a35203da66b885f) Importer(815301076,1909f56bfc062723c751e8b465ee728b)
Start importing Assets/Scripts/GameManager.cs using Guid(f63c1b1ccb8dcd149a35203da66b885f) Importer(815301076,1909f56bfc062723c751e8b465ee728b)  -> (artifact id: 'b6d36817c23df0b6166b70c1c583083f') in 0.002673 seconds
  Import took 0.005130 seconds .

========================================================================
Received Prepare
Registering precompiled user dll's ...
Registered in 0.000838 seconds.
Begin MonoManager ReloadAssembly
Native extension for WindowsStandalone target not found
Native extension for WebGL target not found
Refreshing native plugins compatible for Editor in 0.32 ms, found 1 plugins.
Preloading 0 native plugins for Editor in 0.00 ms.
Invoked RoslynAnalysisRunner static constructor.
RoslynAnalysisRunner will not be running.
RoslynAnalysisRunner has terminated.
Mono: successfully reloaded assembly
- Completed reload, in  0.622 seconds
Platform modules already initialized, skipping
Refreshing native plugins compatible for Editor in 0.28 ms, found 1 plugins.
Preloading 0 native plugins for Editor in 0.00 ms.
Unloading 1810 Unused Serialized files (Serialized files now loaded: 0)
System memory in use before: 88.3 MB.
System memory in use after: 88.3 MB.

Unloading 12 unused Assets to reduce memory usage. Loaded Objects now: 2377.
Total: 1.597300 ms (FindLiveObjects: 0.167700 ms CreateObjectMapping: 0.029300 ms MarkObjects: 1.318800 ms  DeleteObjects: 0.080500 ms)

========================================================================
Received Import Request.
  Time since last request: 29.931786 seconds.
  path: Assets/Scripts/GameManager.cs
  artifactKey: Guid(f63c1b1ccb8dcd149a35203da66b885f) Importer(815301076,1909f56bfc062723c751e8b465ee728b)
Start importing Assets/Scripts/GameManager.cs using Guid(f63c1b1ccb8dcd149a35203da66b885f) Importer(815301076,1909f56bfc062723c751e8b465ee728b)  -> (artifact id: 'a8fa89bd802fc0e46ac6799633769263') in 0.005577 seconds
  Import took 0.013755 seconds .

========================================================================
Received Import Request.
  Time since last request: 0.017067 seconds.
  path: Assets/Scripts/GameManager.cs
  artifactKey: Guid(f63c1b1ccb8dcd149a35203da66b885f) Importer(815301076,1909f56bfc062723c751e8b465ee728b)
Start importing Assets/Scripts/GameManager.cs using Guid(f63c1b1ccb8dcd149a35203da66b885f) Importer(815301076,1909f56bfc062723c751e8b465ee728b)  -> (artifact id: 'a8fa89bd802fc0e46ac6799633769263') in 0.003097 seconds
  Import took 0.005820 seconds .

========================================================================
Received Prepare
Registering precompiled user dll's ...
Registered in 0.000798 seconds.
Begin MonoManager ReloadAssembly
Native extension for WindowsStandalone target not found
Native extension for WebGL target not found
Refreshing native plugins compatible for Editor in 0.31 ms, found 1 plugins.
Preloading 0 native plugins for Editor in 0.00 ms.
Invoked RoslynAnalysisRunner static constructor.
RoslynAnalysisRunner will not be running.
RoslynAnalysisRunner has terminated.
Mono: successfully reloaded assembly
- Completed reload, in  0.643 seconds
Platform modules already initialized, skipping
Refreshing native plugins compatible for Editor in 0.30 ms, found 1 plugins.
Preloading 0 native plugins for Editor in 0.00 ms.
Unloading 1810 Unused Serialized files (Serialized files now loaded: 0)
System memory in use before: 88.3 MB.
System memory in use after: 88.3 MB.

Unloading 12 unused Assets to reduce memory usage. Loaded Objects now: 2381.
Total: 4.720400 ms (FindLiveObjects: 0.456100 ms CreateObjectMapping: 0.223600 ms MarkObjects: 3.820900 ms  DeleteObjects: 0.217100 ms)

========================================================================
Received Import Request.
  Time since last request: 109.219443 seconds.
  path: Assets/Scripts/ScoreManager.cs
  artifactKey: Guid(81c4ad0d020821443992eb2b6199bf77) Importer(815301076,1909f56bfc062723c751e8b465ee728b)
Start importing Assets/Scripts/ScoreManager.cs using Guid(81c4ad0d020821443992eb2b6199bf77) Importer(815301076,1909f56bfc062723c751e8b465ee728b)  -> (artifact id: '11ac149499a541b8aa51bc18e677d597') in 0.006470 seconds
  Import took 0.009322 seconds .

========================================================================
Received Prepare
Registering precompiled user dll's ...
Registered in 0.000691 seconds.
Begin MonoManager ReloadAssembly
Native extension for WindowsStandalone target not found
Native extension for WebGL target not found
Refreshing native plugins compatible for Editor in 0.34 ms, found 1 plugins.
Preloading 0 native plugins for Editor in 0.00 ms.
Invoked RoslynAnalysisRunner static constructor.
RoslynAnalysisRunner will not be running.
RoslynAnalysisRunner has terminated.
Mono: successfully reloaded assembly
- Completed reload, in  0.637 seconds
Platform modules already initialized, skipping
Refreshing native plugins compatible for Editor in 0.70 ms, found 1 plugins.
Preloading 0 native plugins for Editor in 0.00 ms.
Unloading 1811 Unused Serialized files (Serialized files now loaded: 0)
System memory in use before: 88.4 MB.
System memory in use after: 88.4 MB.

Unloading 12 unused Assets to reduce memory usage. Loaded Objects now: 2386.
Total: 1.649300 ms (FindLiveObjects: 0.146600 ms CreateObjectMapping: 0.034200 ms MarkObjects: 1.364100 ms  DeleteObjects: 0.103500 ms)

========================================================================
Received Import Request.
  Time since last request: 41.136286 seconds.
  path: Assets/Scripts/ScoreDisplay.cs
  artifactKey: Guid(81c4ad0d020821443992eb2b6199bf77) Importer(815301076,1909f56bfc062723c751e8b465ee728b)
Start importing Assets/Scripts/ScoreDisplay.cs using Guid(81c4ad0d020821443992eb2b6199bf77) Importer(815301076,1909f56bfc062723c751e8b465ee728b)  -> (artifact id: '79d0bfa2801c9b6dea4799fc28dea4be') in 0.007900 seconds
  Import took 0.011096 seconds .

========================================================================
Received Import Request.
  Time since last request: 0.001525 seconds.
  path: Assets/Scripts/ScoreDisplay.cs
  artifactKey: Guid(81c4ad0d020821443992eb2b6199bf77) Importer(815301076,1909f56bfc062723c751e8b465ee728b)
Start importing Assets/Scripts/ScoreDisplay.cs using Guid(81c4ad0d020821443992eb2b6199bf77) Importer(815301076,1909f56bfc062723c751e8b465ee728b)  -> (artifact id: '79d0bfa2801c9b6dea4799fc28dea4be') in 0.002694 seconds
  Import took 0.005220 seconds .

========================================================================
Received Prepare
Registering precompiled user dll's ...
Registered in 0.000654 seconds.
Begin MonoManager ReloadAssembly
Native extension for WindowsStandalone target not found
Native extension for WebGL target not found
Refreshing native plugins compatible for Editor in 0.38 ms, found 1 plugins.
Preloading 0 native plugins for Editor in 0.00 ms.
Invoked RoslynAnalysisRunner static constructor.
RoslynAnalysisRunner will not be running.
RoslynAnalysisRunner has terminated.
Mono: successfully reloaded assembly
- Completed reload, in  0.583 seconds
Platform modules already initialized, skipping
Refreshing native plugins compatible for Editor in 0.31 ms, found 1 plugins.
Preloading 0 native plugins for Editor in 0.00 ms.
Unloading 1811 Unused Serialized files (Serialized files now loaded: 0)
System memory in use before: 88.4 MB.
System memory in use after: 88.4 MB.

Unloading 12 unused Assets to reduce memory usage. Loaded Objects now: 2390.
Total: 1.890100 ms (FindLiveObjects: 0.176900 ms CreateObjectMapping: 0.031400 ms MarkObjects: 1.575300 ms  DeleteObjects: 0.105500 ms)

========================================================================
Received Prepare
Registering precompiled user dll's ...
Registered in 0.000736 seconds.
Begin MonoManager ReloadAssembly
Native extension for WindowsStandalone target not found
Native extension for WebGL target not found
Refreshing native plugins compatible for Editor in 0.32 ms, found 1 plugins.
Preloading 0 native plugins for Editor in 0.00 ms.
Invoked RoslynAnalysisRunner static constructor.
RoslynAnalysisRunner will not be running.
RoslynAnalysisRunner has terminated.
Mono: successfully reloaded assembly
- Completed reload, in  0.576 seconds
Platform modules already initialized, skipping
Refreshing native plugins compatible for Editor in 0.28 ms, found 1 plugins.
Preloading 0 native plugins for Editor in 0.00 ms.
Unloading 1811 Unused Serialized files (Serialized files now loaded: 0)
System memory in use before: 88.4 MB.
System memory in use after: 88.4 MB.

Unloading 12 unused Assets to reduce memory usage. Loaded Objects now: 2394.
Total: 1.610800 ms (FindLiveObjects: 0.141400 ms CreateObjectMapping: 0.028300 ms MarkObjects: 1.338100 ms  DeleteObjects: 0.101800 ms)

========================================================================
Received Import Request.
  Time since last request: 21.174166 seconds.
  path: Assets/Scripts/ScoreDisplay.cs
  artifactKey: Guid(81c4ad0d020821443992eb2b6199bf77) Importer(815301076,1909f56bfc062723c751e8b465ee728b)
Start importing Assets/Scripts/ScoreDisplay.cs using Guid(81c4ad0d020821443992eb2b6199bf77) Importer(815301076,1909f56bfc062723c751e8b465ee728b)  -> (artifact id: '01b8909562560754462194a57eb2bb19') in 0.005099 seconds
  Import took 0.012720 seconds .

========================================================================
Received Prepare
Registering precompiled user dll's ...
Registered in 0.000739 seconds.
Begin MonoManager ReloadAssembly
Native extension for WindowsStandalone target not found
Native extension for WebGL target not found
Refreshing native plugins compatible for Editor in 0.30 ms, found 1 plugins.
Preloading 0 native plugins for Editor in 0.00 ms.
Invoked RoslynAnalysisRunner static constructor.
RoslynAnalysisRunner will not be running.
RoslynAnalysisRunner has terminated.
Mono: successfully reloaded assembly
- Completed reload, in  0.570 seconds
Platform modules already initialized, skipping
Refreshing native plugins compatible for Editor in 0.31 ms, found 1 plugins.
Preloading 0 native plugins for Editor in 0.00 ms.
Unloading 1811 Unused Serialized files (Serialized files now loaded: 0)
System memory in use before: 88.4 MB.
System memory in use after: 88.4 MB.

Unloading 12 unused Assets to reduce memory usage. Loaded Objects now: 2398.
Total: 1.869800 ms (FindLiveObjects: 0.143000 ms CreateObjectMapping: 0.034500 ms MarkObjects: 1.569800 ms  DeleteObjects: 0.121400 ms)

========================================================================
Received Prepare
Registering precompiled user dll's ...
Registered in 0.000804 seconds.
Begin MonoManager ReloadAssembly
Native extension for WindowsStandalone target not found
Native extension for WebGL target not found
Refreshing native plugins compatible for Editor in 0.38 ms, found 1 plugins.
Preloading 0 native plugins for Editor in 0.00 ms.
Invoked RoslynAnalysisRunner static constructor.
RoslynAnalysisRunner will not be running.
RoslynAnalysisRunner has terminated.
Mono: successfully reloaded assembly
- Completed reload, in  0.551 seconds
Platform modules already initialized, skipping
Refreshing native plugins compatible for Editor in 0.28 ms, found 1 plugins.
Preloading 0 native plugins for Editor in 0.00 ms.
Unloading 1811 Unused Serialized files (Serialized files now loaded: 0)
System memory in use before: 88.4 MB.
System memory in use after: 88.4 MB.

Unloading 12 unused Assets to reduce memory usage. Loaded Objects now: 2402.
Total: 1.678000 ms (FindLiveObjects: 0.123900 ms CreateObjectMapping: 0.029500 ms MarkObjects: 1.426800 ms  DeleteObjects: 0.096800 ms)

========================================================================
Received Prepare
Registering precompiled user dll's ...
Registered in 0.000784 seconds.
Begin MonoManager ReloadAssembly
Native extension for WindowsStandalone target not found
Native extension for WebGL target not found
Refreshing native plugins compatible for Editor in 0.35 ms, found 1 plugins.
Preloading 0 native plugins for Editor in 0.00 ms.
Invoked RoslynAnalysisRunner static constructor.
RoslynAnalysisRunner will not be running.
RoslynAnalysisRunner has terminated.
Mono: successfully reloaded assembly
- Completed reload, in  0.612 seconds
Platform modules already initialized, skipping
Refreshing native plugins compatible for Editor in 0.32 ms, found 1 plugins.
Preloading 0 native plugins for Editor in 0.00 ms.
Unloading 1811 Unused Serialized files (Serialized files now loaded: 0)
System memory in use before: 88.4 MB.
System memory in use after: 88.4 MB.

Unloading 12 unused Assets to reduce memory usage. Loaded Objects now: 2406.
Total: 2.312700 ms (FindLiveObjects: 0.240000 ms CreateObjectMapping: 0.061100 ms MarkObjects: 1.830500 ms  DeleteObjects: 0.179800 ms)

========================================================================
Received Prepare
Registering precompiled user dll's ...
Registered in 0.000747 seconds.
Begin MonoManager ReloadAssembly
Native extension for WindowsStandalone target not found
Native extension for WebGL target not found
Refreshing native plugins compatible for Editor in 0.33 ms, found 1 plugins.
Preloading 0 native plugins for Editor in 0.00 ms.
Invoked RoslynAnalysisRunner static constructor.
RoslynAnalysisRunner will not be running.
RoslynAnalysisRunner has terminated.
Mono: successfully reloaded assembly
- Completed reload, in  0.568 seconds
Platform modules already initialized, skipping
Refreshing native plugins compatible for Editor in 0.30 ms, found 1 plugins.
Preloading 0 native plugins for Editor in 0.00 ms.
Unloading 1811 Unused Serialized files (Serialized files now loaded: 0)
System memory in use before: 88.4 MB.
System memory in use after: 88.4 MB.

Unloading 12 unused Assets to reduce memory usage. Loaded Objects now: 2410.
Total: 1.790900 ms (FindLiveObjects: 0.162700 ms CreateObjectMapping: 0.033700 ms MarkObjects: 1.463200 ms  DeleteObjects: 0.130400 ms)

========================================================================
Received Prepare
Registering precompiled user dll's ...
Registered in 0.000678 seconds.
Begin MonoManager ReloadAssembly
Native extension for WindowsStandalone target not found
Native extension for WebGL target not found
Refreshing native plugins compatible for Editor in 0.46 ms, found 1 plugins.
Preloading 0 native plugins for Editor in 0.00 ms.
Invoked RoslynAnalysisRunner static constructor.
RoslynAnalysisRunner will not be running.
RoslynAnalysisRunner has terminated.
Mono: successfully reloaded assembly
- Completed reload, in  0.663 seconds
Platform modules already initialized, skipping
Refreshing native plugins compatible for Editor in 0.31 ms, found 1 plugins.
Preloading 0 native plugins for Editor in 0.00 ms.
Unloading 1811 Unused Serialized files (Serialized files now loaded: 0)
System memory in use before: 88.4 MB.
System memory in use after: 88.4 MB.

Unloading 12 unused Assets to reduce memory usage. Loaded Objects now: 2414.
Total: 3.658000 ms (FindLiveObjects: 0.370600 ms CreateObjectMapping: 0.148400 ms MarkObjects: 2.951100 ms  DeleteObjects: 0.185100 ms)

========================================================================
Received Prepare
Registering precompiled user dll's ...
Registered in 0.000620 seconds.
Begin MonoManager ReloadAssembly
Native extension for WindowsStandalone target not found
Native extension for WebGL target not found
Refreshing native plugins compatible for Editor in 0.31 ms, found 1 plugins.
Preloading 0 native plugins for Editor in 0.00 ms.
Invoked RoslynAnalysisRunner static constructor.
RoslynAnalysisRunner will not be running.
RoslynAnalysisRunner has terminated.
Mono: successfully reloaded assembly
- Completed reload, in  0.555 seconds
Platform modules already initialized, skipping
Refreshing native plugins compatible for Editor in 0.30 ms, found 1 plugins.
Preloading 0 native plugins for Editor in 0.00 ms.
Unloading 1811 Unused Serialized files (Serialized files now loaded: 0)
System memory in use before: 88.4 MB.
System memory in use after: 88.4 MB.

Unloading 12 unused Assets to reduce memory usage. Loaded Objects now: 2418.
Total: 1.947000 ms (FindLiveObjects: 0.194200 ms CreateObjectMapping: 0.028500 ms MarkObjects: 1.616300 ms  DeleteObjects: 0.107100 ms)

========================================================================
Received Prepare
Registering precompiled user dll's ...
Registered in 0.000646 seconds.
Begin MonoManager ReloadAssembly
Native extension for WindowsStandalone target not found
Native extension for WebGL target not found
Refreshing native plugins compatible for Editor in 0.34 ms, found 1 plugins.
Preloading 0 native plugins for Editor in 0.00 ms.
Invoked RoslynAnalysisRunner static constructor.
RoslynAnalysisRunner will not be running.
RoslynAnalysisRunner has terminated.
Mono: successfully reloaded assembly
- Completed reload, in  0.563 seconds
Platform modules already initialized, skipping
Refreshing native plugins compatible for Editor in 0.30 ms, found 1 plugins.
Preloading 0 native plugins for Editor in 0.00 ms.
Unloading 1811 Unused Serialized files (Serialized files now loaded: 0)
System memory in use before: 88.4 MB.
System memory in use after: 88.4 MB.

Unloading 12 unused Assets to reduce memory usage. Loaded Objects now: 2422.
Total: 2.024800 ms (FindLiveObjects: 0.210500 ms CreateObjectMapping: 0.035500 ms MarkObjects: 1.666000 ms  DeleteObjects: 0.111900 ms)

========================================================================
Received Prepare
Registering precompiled user dll's ...
Registered in 0.001121 seconds.
Begin MonoManager ReloadAssembly
Native extension for WindowsStandalone target not found
Native extension for WebGL target not found
Refreshing native plugins compatible for Editor in 0.39 ms, found 1 plugins.
Preloading 0 native plugins for Editor in 0.00 ms.
Invoked RoslynAnalysisRunner static constructor.
RoslynAnalysisRunner will not be running.
RoslynAnalysisRunner has terminated.
Mono: successfully reloaded assembly
- Completed reload, in  0.594 seconds
Platform modules already initialized, skipping
Refreshing native plugins compatible for Editor in 0.28 ms, found 1 plugins.
Preloading 0 native plugins for Editor in 0.00 ms.
Unloading 1811 Unused Serialized files (Serialized files now loaded: 0)
System memory in use before: 88.4 MB.
System memory in use after: 88.4 MB.

Unloading 12 unused Assets to reduce memory usage. Loaded Objects now: 2426.
Total: 1.667300 ms (FindLiveObjects: 0.190400 ms CreateObjectMapping: 0.036100 ms MarkObjects: 1.360000 ms  DeleteObjects: 0.080000 ms)

========================================================================
Received Import Request.
  Time since last request: 680.817197 seconds.
  path: ProjectSettings/TagManager.asset
  artifactKey: Guid(00000000000000003000000000000000) Importer(815301076,1909f56bfc062723c751e8b465ee728b)
Start importing ProjectSettings/TagManager.asset using Guid(00000000000000003000000000000000) Importer(815301076,1909f56bfc062723c751e8b465ee728b)  -> (artifact id: '2cc5db4ea10f9235576c7657cc7f6874') in 0.012792 seconds
  Import took 0.015903 seconds .

